2026-05-12 17:04:57,955 - INFO - 麦克风初始化成功
2026-05-12 17:04:58,560 - INFO - 摄像头初始化成功
2026-05-12 17:04:59,898 - INFO - 手势识别服务已启动
2026-05-12 17:04:59,898 - INFO - 语音识别服务已启动
2026-05-12 17:05:10,377 - INFO - 设备状态变更: 灯 -> 开启
2026-05-12 17:05:10,379 - INFO - 指令执行成功: 灯 toggle
2026-05-12 17:05:11,631 - INFO - 识别到手势: palm
2026-05-12 17:05:11,633 - INFO - 指令执行成功: 灯 on
2026-05-12 17:05:12,232 - INFO - 识别到手势: palm
2026-05-12 17:05:12,236 - INFO - 指令执行成功: 灯 on
2026-05-12 17:05:12,557 - INFO - 识别到手势: palm
2026-05-12 17:05:12,557 - INFO - 指令执行成功: 灯 on
2026-05-12 17:05:12,889 - INFO - 识别到手势: palm
2026-05-12 17:05:12,891 - INFO - 指令执行成功: 灯 on
2026-05-12 17:05:13,228 - INFO - 识别到手势: palm
2026-05-12 17:05:13,229 - INFO - 指令执行成功: 灯 on
2026-05-12 17:05:13,691 - INFO - 识别到手势: palm
2026-05-12 17:05:13,691 - INFO - 指令执行成功: 灯 on
2026-05-12 17:05:14,028 - INFO - 识别到手势: palm
2026-05-12 17:05:14,029 - INFO - 指令执行成功: 灯 on
2026-05-12 17:05:14,623 - INFO - 识别到手势: palm
2026-05-12 17:05:14,623 - INFO - 指令执行成功: 灯 on
2026-05-12 17:05:14,960 - INFO - 识别到手势: palm
2026-05-12 17:05:14,960 - INFO - 指令执行成功: 灯 on
2026-05-12 17:05:15,290 - INFO - 识别到手势: palm
2026-05-12 17:05:15,290 - INFO - 指令执行成功: 灯 on
2026-05-12 17:05:15,629 - INFO - 识别到手势: palm
2026-05-12 17:05:15,629 - INFO - 指令执行成功: 灯 on
2026-05-12 17:05:15,979 - INFO - 识别到手势: palm
2026-05-12 17:05:15,984 - INFO - 指令执行成功: 灯 on
2026-05-12 17:05:16,492 - INFO - 识别到手势: palm
2026-05-12 17:05:16,492 - INFO - 指令执行成功: 灯 on
2026-05-12 17:05:17,615 - INFO - 识别到手势: palm
2026-05-12 17:05:17,615 - INFO - 指令执行成功: 灯 on
2026-05-12 17:05:19,177 - INFO - 识别到手势: palm
2026-05-12 17:05:19,178 - INFO - 指令执行成功: 灯 on
2026-05-12 17:05:25,324 - INFO - 识别到手势: thumb
2026-05-12 17:05:25,324 - INFO - 设备状态变更: 灯 -> 关闭
2026-05-12 17:05:25,325 - INFO - 指令执行成功: 灯 toggle
2026-05-12 17:05:31,532 - INFO - 识别到手势: peace
2026-05-12 17:05:31,532 - INFO - 手势指令: 增大 (手势: peace)
2026-05-12 17:05:38,573 - INFO - 设备状态变更: 空调 -> 开启
2026-05-12 17:05:38,573 - INFO - 指令执行成功: 空调 toggle
2026-05-12 17:05:47,115 - INFO - 设备状态变更: 空调 -> 关闭
2026-05-12 17:05:47,115 - INFO - 所有设备已重置为关闭状态
2026-05-12 17:05:48,282 - ERROR - 语音识别服务请求失败: recognition connection failed: [WinError 10060] 由于连接方在一段时间后没有正确答复或连接的主机没有反应，连接尝试失败。
2026-05-12 17:05:52,414 - INFO - 所有设备已重置为关闭状态
2026-05-12 17:05:53,771 - INFO - 识别到手势: palm
2026-05-12 17:05:53,772 - INFO - 设备状态变更: 灯 -> 开启
2026-05-12 17:05:53,772 - INFO - 指令执行成功: 灯 on
2026-05-12 17:05:54,103 - INFO - 识别到手势: palm
2026-05-12 17:05:54,104 - INFO - 指令执行成功: 灯 on
2026-05-12 17:05:54,427 - INFO - 识别到手势: palm
2026-05-12 17:05:54,427 - INFO - 指令执行成功: 灯 on
2026-05-12 17:05:55,191 - INFO - 识别到手势: palm
2026-05-12 17:05:55,191 - INFO - 指令执行成功: 灯 on
2026-05-12 17:05:55,531 - INFO - 识别到手势: palm
2026-05-12 17:05:55,533 - INFO - 指令执行成功: 灯 on
2026-05-12 17:05:55,867 - INFO - 识别到手势: palm
2026-05-12 17:05:55,869 - INFO - 指令执行成功: 灯 on
2026-05-12 17:05:56,186 - INFO - 识别到手势: palm
2026-05-12 17:05:56,187 - INFO - 指令执行成功: 灯 on
2026-05-12 17:05:58,714 - INFO - 识别到手势: palm
2026-05-12 17:05:58,714 - INFO - 指令执行成功: 灯 on
2026-05-12 17:05:59,021 - INFO - 识别到手势: palm
2026-05-12 17:05:59,021 - INFO - 指令执行成功: 灯 on
2026-05-12 17:06:00,011 - INFO - 识别到手势: palm
2026-05-12 17:06:00,011 - INFO - 指令执行成功: 灯 on
2026-05-12 17:06:00,348 - INFO - 识别到手势: palm
2026-05-12 17:06:00,349 - INFO - 指令执行成功: 灯 on
2026-05-12 17:06:00,652 - INFO - 识别到手势: palm
2026-05-12 17:06:00,652 - INFO - 指令执行成功: 灯 on
2026-05-12 17:06:00,993 - INFO - 识别到手势: palm
2026-05-12 17:06:00,993 - INFO - 指令执行成功: 灯 on
2026-05-12 17:06:01,340 - INFO - 识别到手势: palm
2026-05-12 17:06:01,341 - INFO - 指令执行成功: 灯 on
2026-05-12 17:06:01,675 - INFO - 识别到手势: palm
2026-05-12 17:06:01,676 - INFO - 指令执行成功: 灯 on
2026-05-12 17:06:02,011 - INFO - 识别到手势: palm
2026-05-12 17:06:02,012 - INFO - 指令执行成功: 灯 on
2026-05-12 17:06:02,347 - INFO - 识别到手势: palm
2026-05-12 17:06:02,348 - INFO - 指令执行成功: 灯 on
2026-05-12 17:06:02,667 - INFO - 识别到手势: palm
2026-05-12 17:06:02,668 - INFO - 指令执行成功: 灯 on
2026-05-12 17:06:03,402 - INFO - 识别到手势: palm
2026-05-12 17:06:03,402 - INFO - 指令执行成功: 灯 on
2026-05-12 17:06:03,738 - INFO - 识别到手势: palm
2026-05-12 17:06:03,740 - INFO - 指令执行成功: 灯 on
2026-05-12 17:06:04,073 - INFO - 识别到手势: palm
2026-05-12 17:06:04,074 - INFO - 指令执行成功: 灯 on
2026-05-12 17:06:04,395 - INFO - 识别到手势: palm
2026-05-12 17:06:04,395 - INFO - 指令执行成功: 灯 on
2026-05-12 17:06:04,732 - INFO - 识别到手势: palm
2026-05-12 17:06:04,732 - INFO - 指令执行成功: 灯 on
2026-05-12 17:06:05,067 - INFO - 识别到手势: palm
2026-05-12 17:06:05,067 - INFO - 指令执行成功: 灯 on
2026-05-12 17:06:05,654 - INFO - 识别到手势: palm
2026-05-12 17:06:05,654 - INFO - 指令执行成功: 灯 on
2026-05-12 17:06:05,657 - INFO - 设备状态变更: 灯 -> 关闭
2026-05-12 17:06:05,658 - INFO - 所有设备已重置为关闭状态
2026-05-12 17:06:05,995 - INFO - 识别到手势: palm
2026-05-12 17:06:05,995 - INFO - 设备状态变更: 灯 -> 开启
2026-05-12 17:06:05,995 - INFO - 指令执行成功: 灯 on
2026-05-12 17:06:06,331 - INFO - 识别到手势: palm
2026-05-12 17:06:06,331 - INFO - 指令执行成功: 灯 on
2026-05-12 17:06:06,667 - INFO - 识别到手势: palm
2026-05-12 17:06:06,668 - INFO - 指令执行成功: 灯 on
2026-05-12 17:06:06,987 - INFO - 识别到手势: palm
2026-05-12 17:06:06,987 - INFO - 指令执行成功: 灯 on
2026-05-12 17:06:07,322 - INFO - 识别到手势: palm
2026-05-12 17:06:07,322 - INFO - 指令执行成功: 灯 on
2026-05-12 17:06:07,658 - INFO - 识别到手势: palm
2026-05-12 17:06:07,658 - INFO - 指令执行成功: 灯 on
2026-05-12 17:06:08,123 - INFO - 识别到手势: palm
2026-05-12 17:06:08,126 - INFO - 指令执行成功: 灯 on
2026-05-12 17:06:08,152 - INFO - 语音识别服务已停止
2026-05-12 17:06:08,153 - INFO - 手势识别服务已停止
2026-05-12 17:06:14,135 - INFO - 麦克风初始化成功
2026-05-12 17:06:14,511 - INFO - 摄像头初始化成功
2026-05-12 17:06:15,151 - INFO - 手势识别服务已启动
2026-05-12 17:06:15,151 - INFO - 语音识别服务已启动
2026-05-12 17:06:33,095 - INFO - 设备状态变更: 窗帘 -> 开启
2026-05-12 17:06:33,096 - INFO - 指令执行成功: 窗帘 toggle
2026-05-12 17:06:45,797 - INFO - 识别到手势: thumb
2026-05-12 17:06:45,798 - INFO - 设备状态变更: 窗帘 -> 关闭
2026-05-12 17:06:45,798 - INFO - 指令执行成功: 窗帘 toggle
2026-05-12 17:06:46,137 - INFO - 识别到手势: thumb
2026-05-12 17:06:46,137 - INFO - 设备状态变更: 灯 -> 开启
2026-05-12 17:06:46,137 - INFO - 指令执行成功: 灯 toggle
2026-05-12 17:06:46,474 - INFO - 识别到手势: thumb
2026-05-12 17:06:46,474 - INFO - 设备状态变更: 灯 -> 关闭
2026-05-12 17:06:46,475 - INFO - 指令执行成功: 灯 toggle
2026-05-12 17:06:46,793 - INFO - 识别到手势: thumb
2026-05-12 17:06:46,793 - INFO - 设备状态变更: 灯 -> 开启
2026-05-12 17:06:46,794 - INFO - 指令执行成功: 灯 toggle
2026-05-12 17:06:47,127 - INFO - 识别到手势: thumb
2026-05-12 17:06:47,128 - INFO - 设备状态变更: 灯 -> 关闭
2026-05-12 17:06:47,128 - INFO - 指令执行成功: 灯 toggle
2026-05-12 17:06:47,465 - INFO - 识别到手势: thumb
2026-05-12 17:06:47,466 - INFO - 设备状态变更: 灯 -> 开启
2026-05-12 17:06:47,466 - INFO - 指令执行成功: 灯 toggle
2026-05-12 17:06:47,802 - INFO - 识别到手势: thumb
2026-05-12 17:06:47,803 - INFO - 设备状态变更: 灯 -> 关闭
2026-05-12 17:06:47,803 - INFO - 指令执行成功: 灯 toggle
2026-05-12 17:06:48,138 - INFO - 识别到手势: thumb
2026-05-12 17:06:48,139 - INFO - 设备状态变更: 灯 -> 开启
2026-05-12 17:06:48,140 - INFO - 指令执行成功: 灯 toggle
2026-05-12 17:06:48,458 - INFO - 识别到手势: thumb
2026-05-12 17:06:48,458 - INFO - 设备状态变更: 灯 -> 关闭
2026-05-12 17:06:48,458 - INFO - 指令执行成功: 灯 toggle
2026-05-12 17:06:49,436 - INFO - 识别到手势: thumb
2026-05-12 17:06:49,437 - INFO - 设备状态变更: 灯 -> 开启
2026-05-12 17:06:49,437 - INFO - 指令执行成功: 灯 toggle
2026-05-12 17:06:49,752 - INFO - 识别到手势: thumb
2026-05-12 17:06:49,752 - INFO - 设备状态变更: 灯 -> 关闭
2026-05-12 17:06:49,753 - INFO - 指令执行成功: 灯 toggle
2026-05-12 17:06:50,329 - INFO - 识别到手势: fist
2026-05-12 17:06:50,329 - INFO - 指令执行成功: 灯 off
2026-05-12 17:06:53,049 - INFO - 识别到手势: thumb
2026-05-12 17:06:53,049 - INFO - 设备状态变更: 灯 -> 开启
2026-05-12 17:06:53,050 - INFO - 指令执行成功: 灯 toggle
2026-05-12 17:06:53,386 - INFO - 识别到手势: thumb
2026-05-12 17:06:53,386 - INFO - 设备状态变更: 灯 -> 关闭
2026-05-12 17:06:53,387 - INFO - 指令执行成功: 灯 toggle
2026-05-12 17:06:53,720 - INFO - 识别到手势: thumb
2026-05-12 17:06:53,720 - INFO - 设备状态变更: 灯 -> 开启
2026-05-12 17:06:53,720 - INFO - 指令执行成功: 灯 toggle
2026-05-12 17:06:54,076 - INFO - 识别到手势: thumb
2026-05-12 17:06:54,077 - INFO - 设备状态变更: 灯 -> 关闭
2026-05-12 17:06:54,077 - INFO - 指令执行成功: 灯 toggle
2026-05-12 17:06:54,414 - INFO - 识别到手势: thumb
2026-05-12 17:06:54,414 - INFO - 设备状态变更: 灯 -> 开启
2026-05-12 17:06:54,414 - INFO - 指令执行成功: 灯 toggle
2026-05-12 17:06:56,475 - INFO - 识别到手势: palm
2026-05-12 17:06:56,475 - INFO - 指令执行成功: 灯 on
2026-05-12 17:06:56,809 - INFO - 识别到手势: palm
2026-05-12 17:06:56,809 - INFO - 指令执行成功: 灯 on
2026-05-12 17:06:57,127 - INFO - 识别到手势: palm
2026-05-12 17:06:57,127 - INFO - 指令执行成功: 灯 on
2026-05-12 17:06:58,235 - INFO - 识别到手势: palm
2026-05-12 17:06:58,235 - INFO - 指令执行成功: 灯 on
2026-05-12 17:06:58,569 - INFO - 识别到手势: palm
2026-05-12 17:06:58,570 - INFO - 指令执行成功: 灯 on
2026-05-12 17:06:58,891 - INFO - 识别到手势: palm
2026-05-12 17:06:58,891 - INFO - 指令执行成功: 灯 on
2026-05-12 17:06:59,227 - INFO - 识别到手势: palm
2026-05-12 17:06:59,228 - INFO - 指令执行成功: 灯 on
2026-05-12 17:06:59,564 - INFO - 识别到手势: palm
2026-05-12 17:06:59,564 - INFO - 指令执行成功: 灯 on
2026-05-12 17:06:59,899 - INFO - 识别到手势: palm
2026-05-12 17:06:59,899 - INFO - 指令执行成功: 灯 on
2026-05-12 17:07:00,235 - INFO - 识别到手势: palm
2026-05-12 17:07:00,235 - INFO - 指令执行成功: 灯 on
2026-05-12 17:07:00,556 - INFO - 识别到手势: palm
2026-05-12 17:07:00,556 - INFO - 指令执行成功: 灯 on
2026-05-12 17:07:00,891 - INFO - 识别到手势: palm
2026-05-12 17:07:00,891 - INFO - 指令执行成功: 灯 on
2026-05-12 17:07:01,447 - INFO - 识别到手势: fist
2026-05-12 17:07:01,448 - INFO - 设备状态变更: 灯 -> 关闭
2026-05-12 17:07:01,448 - INFO - 指令执行成功: 灯 off
2026-05-12 17:07:01,784 - INFO - 识别到手势: fist
2026-05-12 17:07:01,784 - INFO - 指令执行成功: 灯 off
2026-05-12 17:07:01,847 - ERROR - 语音识别服务请求失败: recognition connection failed: [WinError 10060] 由于连接方在一段时间后没有正确答复或连接的主机没有反应，连接尝试失败。
2026-05-12 17:07:04,850 - INFO - 语音识别服务已停止
2026-05-12 17:07:04,850 - INFO - 手势识别服务已停止
2026-05-12 17:07:49,017 - ERROR - 语音识别服务请求失败: recognition connection failed: [WinError 10060] 由于连接方在一段时间后没有正确答复或连接的主机没有反应，连接尝试失败。
2026-05-12 17:10:22,785 - INFO - 麦克风初始化成功
2026-05-12 17:10:23,265 - INFO - 摄像头初始化成功
2026-05-12 17:10:23,870 - INFO - 语音识别服务已启动
2026-05-12 17:10:23,870 - INFO - 手势识别服务已启动
2026-05-12 17:10:34,944 - INFO - 识别到手势: fist
2026-05-12 17:10:34,945 - INFO - 指令执行成功: 灯 off
2026-05-12 17:10:35,284 - INFO - 识别到手势: fist
2026-05-12 17:10:35,285 - INFO - 指令执行成功: 灯 off
2026-05-12 17:10:35,604 - INFO - 识别到手势: fist
2026-05-12 17:10:35,604 - INFO - 指令执行成功: 灯 off
2026-05-12 17:10:35,942 - INFO - 识别到手势: fist
2026-05-12 17:10:35,942 - INFO - 指令执行成功: 灯 off
2026-05-12 17:10:36,271 - INFO - 识别到手势: fist
2026-05-12 17:10:36,272 - INFO - 指令执行成功: 灯 off
2026-05-12 17:10:43,952 - INFO - 识别到手势: peace
2026-05-12 17:10:43,953 - INFO - 手势指令: 增大 (手势: peace)
2026-05-12 17:10:44,273 - INFO - 识别到手势: peace
2026-05-12 17:10:44,275 - INFO - 手势指令: 增大 (手势: peace)
2026-05-12 17:10:44,604 - INFO - 识别到手势: peace
2026-05-12 17:10:44,604 - INFO - 手势指令: 增大 (手势: peace)
2026-05-12 17:10:44,945 - INFO - 识别到手势: peace
2026-05-12 17:10:44,946 - INFO - 手势指令: 增大 (手势: peace)
2026-05-12 17:10:45,280 - INFO - 识别到手势: peace
2026-05-12 17:10:45,280 - INFO - 手势指令: 增大 (手势: peace)
2026-05-12 17:10:45,601 - INFO - 识别到手势: peace
2026-05-12 17:10:45,601 - INFO - 手势指令: 增大 (手势: peace)
2026-05-12 17:10:46,146 - INFO - 识别到手势: fist
2026-05-12 17:10:46,147 - INFO - 指令执行成功: 灯 off
2026-05-12 17:10:46,466 - INFO - 识别到手势: fist
2026-05-12 17:10:46,466 - INFO - 指令执行成功: 灯 off
2026-05-12 17:10:46,798 - INFO - 识别到手势: fist
2026-05-12 17:10:46,798 - INFO - 指令执行成功: 灯 off
2026-05-12 17:10:47,136 - INFO - 识别到手势: fist
2026-05-12 17:10:47,136 - INFO - 指令执行成功: 灯 off
2026-05-12 17:10:47,471 - INFO - 识别到手势: fist
2026-05-12 17:10:47,472 - INFO - 指令执行成功: 灯 off
2026-05-12 17:10:47,809 - INFO - 识别到手势: fist
2026-05-12 17:10:47,810 - INFO - 指令执行成功: 灯 off
2026-05-12 17:10:48,128 - INFO - 识别到手势: fist
2026-05-12 17:10:48,128 - INFO - 指令执行成功: 灯 off
2026-05-12 17:11:01,027 - INFO - 识别到手势: thumb
2026-05-12 17:11:01,027 - INFO - 设备状态变更: 灯 -> 开启
2026-05-12 17:11:01,028 - INFO - 指令执行成功: 灯 toggle
2026-05-12 17:11:01,361 - INFO - 识别到手势: thumb
2026-05-12 17:11:01,361 - INFO - 设备状态变更: 灯 -> 关闭
2026-05-12 17:11:01,363 - INFO - 指令执行成功: 灯 toggle
2026-05-12 17:11:01,702 - INFO - 识别到手势: thumb
2026-05-12 17:11:01,702 - INFO - 设备状态变更: 灯 -> 开启
2026-05-12 17:11:01,702 - INFO - 指令执行成功: 灯 toggle
2026-05-12 17:11:03,792 - INFO - 识别到手势: fist
2026-05-12 17:11:03,792 - INFO - 设备状态变更: 灯 -> 关闭
2026-05-12 17:11:03,794 - INFO - 指令执行成功: 灯 off
2026-05-12 17:11:04,145 - INFO - 识别到手势: fist
2026-05-12 17:11:04,145 - INFO - 指令执行成功: 灯 off
2026-05-12 17:11:04,480 - INFO - 识别到手势: fist
2026-05-12 17:11:04,480 - INFO - 指令执行成功: 灯 off
2026-05-12 17:11:05,154 - INFO - 识别到手势: fist
2026-05-12 17:11:05,154 - INFO - 指令执行成功: 灯 off
2026-05-12 17:11:05,473 - INFO - 识别到手势: fist
2026-05-12 17:11:05,473 - INFO - 指令执行成功: 灯 off
2026-05-12 17:11:05,808 - INFO - 识别到手势: fist
2026-05-12 17:11:05,808 - INFO - 指令执行成功: 灯 off
2026-05-12 17:11:06,143 - INFO - 识别到手势: fist
2026-05-12 17:11:06,144 - INFO - 指令执行成功: 灯 off
2026-05-12 17:11:06,480 - INFO - 识别到手势: fist
2026-05-12 17:11:06,480 - INFO - 指令执行成功: 灯 off
2026-05-12 17:11:07,105 - INFO - 识别到手势: fist
2026-05-12 17:11:07,105 - INFO - 指令执行成功: 灯 off
2026-05-12 17:11:09,633 - INFO - 识别到手势: thumb
2026-05-12 17:11:09,634 - INFO - 设备状态变更: 灯 -> 开启
2026-05-12 17:11:09,634 - INFO - 指令执行成功: 灯 toggle
2026-05-12 17:11:09,969 - INFO - 识别到手势: thumb
2026-05-12 17:11:09,969 - INFO - 设备状态变更: 灯 -> 关闭
2026-05-12 17:11:09,971 - INFO - 指令执行成功: 灯 toggle
2026-05-12 17:11:10,325 - INFO - 识别到手势: thumb
2026-05-12 17:11:10,325 - INFO - 设备状态变更: 灯 -> 开启
2026-05-12 17:11:10,326 - INFO - 指令执行成功: 灯 toggle
2026-05-12 17:11:10,625 - INFO - 识别到手势: thumb
2026-05-12 17:11:10,625 - INFO - 设备状态变更: 灯 -> 关闭
2026-05-12 17:11:10,626 - INFO - 指令执行成功: 灯 toggle
2026-05-12 17:11:11,268 - ERROR - 语音识别服务请求失败: recognition connection failed: [WinError 10060] 由于连接方在一段时间后没有正确答复或连接的主机没有反应，连接尝试失败。
2026-05-12 17:11:28,573 - INFO - 识别到手势: fist
2026-05-12 17:11:28,573 - INFO - 指令执行成功: 灯 off
2026-05-12 17:11:29,373 - INFO - 识别到手势: thumb
2026-05-12 17:11:29,373 - INFO - 设备状态变更: 灯 -> 开启
2026-05-12 17:11:29,374 - INFO - 指令执行成功: 灯 toggle
2026-05-12 17:11:42,652 - INFO - 语音识别服务已停止
2026-05-12 17:11:42,652 - INFO - 手势识别服务已停止
2026-05-12 17:11:59,042 - ERROR - 语音识别服务请求失败: recognition connection failed: [WinError 10060] 由于连接方在一段时间后没有正确答复或连接的主机没有反应，连接尝试失败。
2026-05-12 17:52:10,553 - INFO - 麦克风初始化成功
2026-05-12 17:52:11,054 - INFO - 摄像头初始化成功
2026-05-12 17:52:11,737 - INFO - 手势识别服务已启动
2026-05-12 17:52:11,737 - INFO - 语音识别服务已启动
2026-05-12 17:52:16,439 - INFO - 语音识别服务已停止
2026-05-12 17:52:16,439 - INFO - 手势识别服务已停止
2026-05-12 17:52:19,585 - WARNING - 无法识别语音内容
2026-05-12 17:55:22,839 - INFO - 麦克风初始化成功
2026-05-12 17:55:23,305 - INFO - 摄像头初始化成功
2026-05-12 17:55:23,776 - INFO - 语音识别服务已启动
2026-05-12 17:55:23,777 - INFO - 手势识别服务已启动
2026-05-12 17:55:26,134 - INFO - 识别到手势: index
2026-05-12 17:55:26,135 - INFO - 设备状态变更: 灯 -> 开启
2026-05-12 17:55:26,135 - INFO - 指令执行成功: 灯 on
2026-05-12 17:55:26,457 - INFO - 识别到手势: index
2026-05-12 17:55:26,457 - INFO - 设备状态变更: 灯 -> 关闭
2026-05-12 17:55:26,458 - INFO - 指令执行成功: 灯 off
2026-05-12 17:55:28,527 - INFO - 识别到手势: fist
2026-05-12 17:55:28,528 - INFO - 所有设备已重置为关闭状态
2026-05-12 17:55:28,528 - INFO - 手势指令: 拳头 - 关闭所有设备
2026-05-12 17:55:28,865 - INFO - 识别到手势: fist
2026-05-12 17:55:28,865 - INFO - 所有设备已重置为关闭状态
2026-05-12 17:55:28,865 - INFO - 手势指令: 拳头 - 关闭所有设备
2026-05-12 17:55:29,199 - WARNING - 无法识别语音内容
2026-05-12 17:55:29,229 - INFO - 识别到手势: index
2026-05-12 17:55:29,229 - INFO - 设备状态变更: 灯 -> 开启
2026-05-12 17:55:29,231 - INFO - 指令执行成功: 灯 on
2026-05-12 17:55:29,566 - INFO - 识别到手势: index
2026-05-12 17:55:29,567 - INFO - 设备状态变更: 灯 -> 关闭
2026-05-12 17:55:29,567 - INFO - 指令执行成功: 灯 off
2026-05-12 17:55:30,127 - INFO - 识别到手势: fist
2026-05-12 17:55:30,127 - INFO - 所有设备已重置为关闭状态
2026-05-12 17:55:30,127 - INFO - 手势指令: 拳头 - 关闭所有设备
2026-05-12 17:55:30,459 - INFO - 识别到手势: fist
2026-05-12 17:55:30,460 - INFO - 所有设备已重置为关闭状态
2026-05-12 17:55:30,460 - INFO - 手势指令: 拳头 - 关闭所有设备
2026-05-12 17:55:31,021 - INFO - 识别到手势: index_middle
2026-05-12 17:55:31,021 - INFO - 设备状态变更: 空调 -> 开启
2026-05-12 17:55:31,021 - INFO - 指令执行成功: 空调 on
2026-05-12 17:55:31,324 - INFO - 识别到手势: index_middle
2026-05-12 17:55:31,324 - INFO - 设备状态变更: 空调 -> 关闭
2026-05-12 17:55:31,325 - INFO - 指令执行成功: 空调 off
2026-05-12 17:55:32,348 - INFO - 识别到手势: palm
2026-05-12 17:55:32,349 - INFO - 设备状态变更: 窗帘 -> 开启
2026-05-12 17:55:32,349 - INFO - 指令执行成功: 窗帘 on
2026-05-12 17:55:32,684 - INFO - 识别到手势: palm
2026-05-12 17:55:32,685 - INFO - 设备状态变更: 窗帘 -> 关闭
2026-05-12 17:55:32,685 - INFO - 指令执行成功: 窗帘 off
2026-05-12 17:55:33,706 - INFO - 识别到手势: palm
2026-05-12 17:55:33,706 - INFO - 设备状态变更: 窗帘 -> 开启
2026-05-12 17:55:33,707 - INFO - 指令执行成功: 窗帘 on
2026-05-12 17:55:34,039 - INFO - 识别到手势: palm
2026-05-12 17:55:34,040 - INFO - 设备状态变更: 窗帘 -> 关闭
2026-05-12 17:55:34,041 - INFO - 指令执行成功: 窗帘 off
2026-05-12 17:55:34,809 - INFO - 识别到手势: palm
2026-05-12 17:55:34,810 - INFO - 设备状态变更: 窗帘 -> 开启
2026-05-12 17:55:34,810 - INFO - 指令执行成功: 窗帘 on
2026-05-12 17:55:35,127 - INFO - 识别到手势: palm
2026-05-12 17:55:35,127 - INFO - 设备状态变更: 窗帘 -> 关闭
2026-05-12 17:55:35,127 - INFO - 指令执行成功: 窗帘 off
2026-05-12 17:55:35,705 - INFO - 识别到手势: four_fingers
2026-05-12 17:55:35,707 - INFO - 设备状态变更: 电视 -> 开启
2026-05-12 17:55:35,707 - INFO - 指令执行成功: 电视 on
2026-05-12 17:55:36,046 - INFO - 识别到手势: four_fingers
2026-05-12 17:55:36,047 - INFO - 设备状态变更: 电视 -> 关闭
2026-05-12 17:55:36,047 - INFO - 指令执行成功: 电视 off
2026-05-12 17:55:36,367 - INFO - 识别到手势: four_fingers
2026-05-12 17:55:36,367 - INFO - 设备状态变更: 电视 -> 开启
2026-05-12 17:55:36,368 - INFO - 指令执行成功: 电视 on
2026-05-12 17:55:36,699 - INFO - 识别到手势: four_fingers
2026-05-12 17:55:36,699 - INFO - 设备状态变更: 电视 -> 关闭
2026-05-12 17:55:36,699 - INFO - 指令执行成功: 电视 off
2026-05-12 17:55:36,994 - WARNING - 无法识别语音内容
2026-05-12 17:55:37,070 - INFO - 识别到手势: palm
2026-05-12 17:55:37,070 - INFO - 设备状态变更: 窗帘 -> 开启
2026-05-12 17:55:37,071 - INFO - 指令执行成功: 窗帘 on
2026-05-12 17:55:37,404 - INFO - 识别到手势: palm
2026-05-12 17:55:37,404 - INFO - 设备状态变更: 窗帘 -> 关闭
2026-05-12 17:55:37,405 - INFO - 指令执行成功: 窗帘 off
2026-05-12 17:55:38,799 - INFO - 识别到手势: palm
2026-05-12 17:55:38,799 - INFO - 设备状态变更: 窗帘 -> 开启
2026-05-12 17:55:38,799 - INFO - 指令执行成功: 窗帘 on
2026-05-12 17:55:39,131 - INFO - 识别到手势: palm
2026-05-12 17:55:39,131 - INFO - 设备状态变更: 窗帘 -> 关闭
2026-05-12 17:55:39,132 - INFO - 指令执行成功: 窗帘 off
2026-05-12 17:55:39,561 - INFO - 识别到手势: four_fingers
2026-05-12 17:55:39,561 - INFO - 设备状态变更: 电视 -> 开启
2026-05-12 17:55:39,561 - INFO - 指令执行成功: 电视 on
2026-05-12 17:55:40,122 - INFO - 识别到手势: palm
2026-05-12 17:55:40,123 - INFO - 设备状态变更: 窗帘 -> 开启
2026-05-12 17:55:40,123 - INFO - 指令执行成功: 窗帘 on
2026-05-12 17:55:40,465 - INFO - 识别到手势: palm
2026-05-12 17:55:40,465 - INFO - 设备状态变更: 窗帘 -> 关闭
2026-05-12 17:55:40,467 - INFO - 指令执行成功: 窗帘 off
2026-05-12 17:55:40,801 - INFO - 识别到手势: palm
2026-05-12 17:55:40,801 - INFO - 设备状态变更: 窗帘 -> 开启
2026-05-12 17:55:40,801 - INFO - 指令执行成功: 窗帘 on
2026-05-12 17:55:41,148 - INFO - 识别到手势: palm
2026-05-12 17:55:41,149 - INFO - 设备状态变更: 窗帘 -> 关闭
2026-05-12 17:55:41,150 - INFO - 指令执行成功: 窗帘 off
2026-05-12 17:55:41,485 - INFO - 识别到手势: palm
2026-05-12 17:55:41,485 - INFO - 设备状态变更: 窗帘 -> 开启
2026-05-12 17:55:41,486 - INFO - 指令执行成功: 窗帘 on
2026-05-12 17:55:42,672 - WARNING - 无法识别语音内容
2026-05-12 17:55:44,322 - INFO - 语音识别服务已停止
2026-05-12 17:55:44,322 - INFO - 手势识别服务已停止
2026-05-12 17:55:48,712 - WARNING - 无法识别语音内容
2026-05-12 17:57:16,419 - INFO - 麦克风初始化成功
2026-05-12 17:57:16,837 - INFO - 摄像头初始化成功
2026-05-12 17:57:17,529 - INFO - 手势识别服务已启动，冷却时间: 2.0秒
2026-05-12 17:57:17,529 - INFO - 语音识别服务已启动
2026-05-12 17:57:19,422 - INFO - 识别到手势: index
2026-05-12 17:57:19,423 - INFO - 设备状态变更: 灯 -> 开启
2026-05-12 17:57:19,424 - INFO - 指令执行成功: 灯 on
2026-05-12 17:57:22,582 - WARNING - 无法识别语音内容
2026-05-12 17:57:23,443 - INFO - 识别到手势: index_middle
2026-05-12 17:57:23,443 - INFO - 设备状态变更: 空调 -> 开启
2026-05-12 17:57:23,445 - INFO - 指令执行成功: 空调 on
2026-05-12 17:57:25,503 - WARNING - 无法识别语音内容
2026-05-12 17:57:26,467 - INFO - 识别到手势: four_fingers
2026-05-12 17:57:26,467 - INFO - 设备状态变更: 电视 -> 开启
2026-05-12 17:57:26,468 - INFO - 指令执行成功: 电视 on
2026-05-12 17:57:29,886 - INFO - 识别到语音: 佛
2026-05-12 17:57:29,886 - WARNING - 无法解析指令: 佛
2026-05-12 17:57:31,124 - INFO - 识别到手势: index_middle_ring
2026-05-12 17:57:31,125 - INFO - 设备状态变更: 风扇 -> 开启
2026-05-12 17:57:31,125 - INFO - 指令执行成功: 风扇 on
2026-05-12 17:57:33,413 - INFO - 识别到手势: four_fingers
2026-05-12 17:57:33,413 - INFO - 设备状态变更: 电视 -> 关闭
2026-05-12 17:57:33,413 - INFO - 指令执行成功: 电视 off
2026-05-12 17:57:36,529 - INFO - 识别到手势: four_fingers
2026-05-12 17:57:36,529 - INFO - 设备状态变更: 电视 -> 开启
2026-05-12 17:57:36,529 - INFO - 指令执行成功: 电视 on
2026-05-12 17:57:37,515 - WARNING - 无法识别语音内容
2026-05-12 17:57:39,731 - INFO - 识别到手势: palm
2026-05-12 17:57:39,732 - INFO - 设备状态变更: 窗帘 -> 开启
2026-05-12 17:57:39,732 - INFO - 指令执行成功: 窗帘 on
2026-05-12 17:57:40,100 - WARNING - 无法识别语音内容
2026-05-12 17:57:43,788 - WARNING - 无法识别语音内容
2026-05-12 17:57:48,665 - INFO - 识别到语音: 不保
2026-05-12 17:57:48,665 - WARNING - 无法解析指令: 不保
2026-05-12 17:57:52,434 - WARNING - 无法识别语音内容
2026-05-12 17:58:00,601 - INFO - 识别到语音: 关灯关灯关灯
2026-05-12 17:58:00,602 - INFO - 设备状态变更: 灯 -> 关闭
2026-05-12 17:58:00,602 - INFO - 指令执行成功: 灯 off
2026-05-12 17:58:05,596 - INFO - 识别到语音: 关空调关
2026-05-12 17:58:05,596 - INFO - 设备状态变更: 空调 -> 关闭
2026-05-12 17:58:05,597 - INFO - 指令执行成功: 空调 off
2026-05-12 17:58:11,263 - INFO - 识别到语音: 关风扇关风扇
2026-05-12 17:58:11,264 - INFO - 设备状态变更: 风扇 -> 关闭
2026-05-12 17:58:11,264 - INFO - 指令执行成功: 风扇 off
2026-05-12 17:58:15,443 - INFO - 识别到手势: palm
2026-05-12 17:58:15,444 - INFO - 设备状态变更: 窗帘 -> 关闭
2026-05-12 17:58:15,444 - INFO - 指令执行成功: 窗帘 off
2026-05-12 17:58:18,069 - WARNING - 无法识别语音内容
2026-05-12 17:58:21,396 - WARNING - 无法识别语音内容
2026-05-12 17:58:22,553 - INFO - 语音识别服务已停止
2026-05-12 17:58:22,554 - INFO - 手势识别服务已停止
2026-05-12 17:58:26,410 - WARNING - 无法识别语音内容
2026-05-12 18:01:44,196 - INFO - 麦克风初始化成功
2026-05-12 18:01:44,643 - INFO - 摄像头初始化成功
2026-05-12 18:01:45,471 - INFO - 手势识别服务已启动，冷却时间: 2.0秒
2026-05-12 18:01:45,471 - INFO - 语音识别服务已启动
2026-05-12 18:01:49,455 - WARNING - 无法识别语音内容
2026-05-12 18:01:50,520 - INFO - 识别到手势: four_fingers
2026-05-12 18:01:50,520 - INFO - 设备状态变更: 电视 -> 开启
2026-05-12 18:01:50,521 - INFO - 指令执行成功: 电视 on
2026-05-12 18:01:53,324 - WARNING - 无法识别语音内容
2026-05-12 18:01:53,802 - INFO - 识别到手势: four_fingers
2026-05-12 18:01:53,802 - INFO - 设备状态变更: 电视 -> 关闭
2026-05-12 18:01:53,803 - INFO - 指令执行成功: 电视 off
2026-05-12 18:01:56,041 - INFO - 识别到手势: palm
2026-05-12 18:01:56,041 - INFO - 设备状态变更: 窗帘 -> 开启
2026-05-12 18:01:56,041 - INFO - 指令执行成功: 窗帘 on
2026-05-12 18:01:58,177 - INFO - 识别到手势: four_fingers
2026-05-12 18:01:58,178 - INFO - 设备状态变更: 电视 -> 开启
2026-05-12 18:01:58,178 - INFO - 指令执行成功: 电视 on
2026-05-12 18:01:59,221 - WARNING - 无法识别语音内容
2026-05-12 18:02:00,490 - INFO - 识别到手势: index_middle_ring
2026-05-12 18:02:00,490 - INFO - 设备状态变更: 风扇 -> 开启
2026-05-12 18:02:00,490 - INFO - 指令执行成功: 风扇 on
2026-05-12 18:02:02,681 - INFO - 识别到手势: index_middle
2026-05-12 18:02:02,681 - INFO - 设备状态变更: 空调 -> 开启
2026-05-12 18:02:02,682 - INFO - 指令执行成功: 空调 on
2026-05-12 18:02:04,969 - INFO - 识别到手势: index
2026-05-12 18:02:04,969 - INFO - 设备状态变更: 灯 -> 开启
2026-05-12 18:02:04,970 - INFO - 指令执行成功: 灯 on
2026-05-12 18:02:05,265 - WARNING - 无法识别语音内容
2026-05-12 18:02:08,535 - INFO - 识别到语音: 对那个
2026-05-12 18:02:08,536 - WARNING - 无法解析指令: 对那个
2026-05-12 18:02:13,169 - INFO - 识别到语音: 自己行
2026-05-12 18:02:13,169 - WARNING - 无法解析指令: 自己行
2026-05-12 18:02:16,212 - WARNING - 无法识别语音内容
2026-05-12 18:02:20,536 - WARNING - 无法识别语音内容
2026-05-12 18:02:24,460 - WARNING - 无法识别语音内容
2026-05-12 18:02:28,967 - INFO - 识别到语音: 这个未来学院有几
2026-05-12 18:02:28,967 - WARNING - 无法解析指令: 这个未来学院有几
2026-05-12 18:02:32,567 - WARNING - 无法识别语音内容
2026-05-12 18:02:38,734 - WARNING - 无法识别语音内容
2026-05-12 18:02:41,228 - INFO - 识别到手势: fist
2026-05-12 18:02:41,228 - INFO - 设备状态变更: 灯 -> 关闭
2026-05-12 18:02:41,228 - INFO - 设备状态变更: 空调 -> 关闭
2026-05-12 18:02:41,228 - INFO - 设备状态变更: 风扇 -> 关闭
2026-05-12 18:02:41,228 - INFO - 设备状态变更: 电视 -> 关闭
2026-05-12 18:02:41,228 - INFO - 设备状态变更: 窗帘 -> 关闭
2026-05-12 18:02:41,228 - INFO - 所有设备已重置为关闭状态
2026-05-12 18:02:41,228 - INFO - 手势指令: 拳头 - 关闭所有设备
2026-05-12 18:02:41,834 - WARNING - 无法识别语音内容
2026-05-12 18:02:46,377 - WARNING - 无法识别语音内容
2026-05-12 18:02:47,247 - INFO - 识别到手势: palm
2026-05-12 18:02:47,248 - INFO - 设备状态变更: 窗帘 -> 开启
2026-05-12 18:02:47,248 - INFO - 指令执行成功: 窗帘 on
2026-05-12 18:02:53,021 - INFO - 识别到语音: 关窗帘关窗帘
2026-05-12 18:02:53,022 - INFO - 设备状态变更: 窗帘 -> 关闭
2026-05-12 18:02:53,022 - INFO - 指令执行成功: 窗帘 off
2026-05-12 18:02:54,845 - INFO - 识别到手势: four_fingers
2026-05-12 18:02:54,845 - INFO - 设备状态变更: 电视 -> 开启
2026-05-12 18:02:54,845 - INFO - 指令执行成功: 电视 on
2026-05-12 18:02:59,029 - INFO - 设备状态变更: 电视 -> 关闭
2026-05-12 18:02:59,132 - INFO - 指令执行成功: 电视 toggle
2026-05-12 18:02:59,729 - WARNING - 无法识别语音内容
2026-05-12 18:03:04,049 - INFO - 识别到语音: 你语音依赖装的什么
2026-05-12 18:03:04,050 - WARNING - 无法解析指令: 你语音依赖装的什么
2026-05-12 18:03:04,424 - INFO - 语音识别服务已停止
2026-05-12 18:03:04,424 - INFO - 手势识别服务已停止
2026-05-12 18:03:09,087 - INFO - 识别到语音: 我没我没动过
2026-05-12 18:03:09,088 - WARNING - 无法解析指令: 我没我没动过
