2026-05-14 00:01:11,486 - INFO - 麦克风初始化成功
2026-05-14 00:01:11,780 - INFO - 摄像头初始化成功
2026-05-14 00:01:12,284 - INFO - 手势识别服务已启动，冷却时间: 2.0秒
2026-05-14 00:01:23,731 - INFO - 开始录音...
2026-05-14 00:01:23,948 - INFO - 录音流已启动，采样率: 44100Hz
2026-05-14 00:01:24,980 - INFO - 停止录音，录音时长: 1.25秒，帧数: 43
2026-05-14 00:01:25,010 - INFO - 音频数据大小: 88064 bytes
2026-05-14 00:01:25,010 - INFO - 音频分析 - 最大值: 25070, RMS: 3390.08
2026-05-14 00:01:25,011 - INFO - 音频处理完成，增强后最大值: 32746
2026-05-14 00:01:25,011 - INFO - 开始识别...
2026-05-14 00:01:25,011 - INFO - 正在识别，请稍候...
2026-05-14 00:01:31,641 - INFO - 开始录音...
2026-05-14 00:01:31,702 - INFO - 录音流已启动，采样率: 44100Hz
2026-05-14 00:01:33,192 - INFO - 停止录音，录音时长: 1.55秒，帧数: 63
2026-05-14 00:01:33,224 - INFO - 音频数据大小: 129024 bytes
2026-05-14 00:01:33,224 - INFO - 音频分析 - 最大值: 13792, RMS: 1569.69
2026-05-14 00:01:33,225 - INFO - 音频处理完成，增强后最大值: 20688
2026-05-14 00:01:33,225 - INFO - 开始识别...
2026-05-14 00:01:33,225 - INFO - 正在识别，请稍候...
2026-05-14 00:01:36,673 - WARNING - 无法识别语音内容，请说得更清晰一些
2026-05-14 00:01:41,124 - WARNING - 无法识别语音内容，请说得更清晰一些
2026-05-14 00:01:43,206 - INFO - 清理语音识别器资源...
2026-05-14 00:01:43,206 - INFO - 语音识别器资源已清理
2026-05-14 00:01:43,222 - INFO - 手势识别服务已停止
2026-05-14 00:01:48,050 - INFO - 麦克风初始化成功
2026-05-14 00:01:48,464 - INFO - 摄像头初始化成功
2026-05-14 00:01:49,069 - INFO - 手势识别服务已启动，冷却时间: 2.0秒
2026-05-14 00:01:51,796 - INFO - 开始录音...
2026-05-14 00:01:51,887 - INFO - 录音流已启动，采样率: 44100Hz
2026-05-14 00:01:53,383 - INFO - 停止录音，录音时长: 1.59秒，帧数: 64
2026-05-14 00:01:53,436 - INFO - 音频数据大小: 131072 bytes
2026-05-14 00:01:53,436 - INFO - 音频分析 - 最大值: 20586, RMS: 1608.36
2026-05-14 00:01:53,436 - INFO - 音频处理完成，增强后最大值: 30879
2026-05-14 00:01:53,436 - INFO - 开始识别...
2026-05-14 00:01:53,437 - INFO - 正在识别，请稍候...
2026-05-14 00:01:57,003 - INFO - 识别成功! 耗时: 3.57秒，识别结果: 开
2026-05-14 00:01:57,004 - WARNING - 无法解析指令: 开
2026-05-14 00:01:59,511 - INFO - 开始录音...
2026-05-14 00:01:59,583 - INFO - 录音流已启动，采样率: 44100Hz
2026-05-14 00:02:00,784 - INFO - 停止录音，录音时长: 1.27秒，帧数: 51
2026-05-14 00:02:00,833 - INFO - 音频数据大小: 104448 bytes
2026-05-14 00:02:00,835 - INFO - 音频分析 - 最大值: 16335, RMS: 1883.66
2026-05-14 00:02:00,835 - INFO - 音频处理完成，增强后最大值: 24502
2026-05-14 00:02:00,836 - INFO - 开始识别...
2026-05-14 00:02:00,836 - INFO - 正在识别，请稍候...
2026-05-14 00:02:04,035 - INFO - 识别成功! 耗时: 3.20秒，识别结果: 开空调
2026-05-14 00:02:04,035 - INFO - 执行命令: 设备=aircon, 动作=on
2026-05-14 00:02:04,035 - INFO - 设备状态变更: 空调 -> 开启
2026-05-14 00:02:04,035 - INFO - 指令执行成功: 空调 on
2026-05-14 00:02:05,939 - INFO - 开始录音...
2026-05-14 00:02:06,011 - INFO - 录音流已启动，采样率: 44100Hz
2026-05-14 00:02:07,566 - INFO - 停止录音，录音时长: 1.63秒，帧数: 66
2026-05-14 00:02:07,610 - INFO - 音频数据大小: 135168 bytes
2026-05-14 00:02:07,610 - INFO - 音频分析 - 最大值: 12643, RMS: 1757.13
2026-05-14 00:02:07,610 - INFO - 音频处理完成，增强后最大值: 18964
2026-05-14 00:02:07,610 - INFO - 开始识别...
2026-05-14 00:02:07,612 - INFO - 正在识别，请稍候...
2026-05-14 00:02:14,456 - INFO - 识别成功! 耗时: 6.84秒，识别结果: 开风扇
2026-05-14 00:02:14,458 - INFO - 执行命令: 设备=fan, 动作=on
2026-05-14 00:02:14,458 - INFO - 设备状态变更: 风扇 -> 开启
2026-05-14 00:02:14,458 - INFO - 指令执行成功: 风扇 on
2026-05-14 00:02:17,367 - INFO - 开始录音...
2026-05-14 00:02:17,440 - INFO - 录音流已启动，采样率: 44100Hz
2026-05-14 00:02:19,213 - INFO - 停止录音，录音时长: 1.85秒，帧数: 75
2026-05-14 00:02:19,248 - INFO - 音频数据大小: 153600 bytes
2026-05-14 00:02:19,249 - INFO - 音频分析 - 最大值: 12358, RMS: 1909.00
2026-05-14 00:02:19,249 - INFO - 音频处理完成，增强后最大值: 18537
2026-05-14 00:02:19,249 - INFO - 开始识别...
2026-05-14 00:02:19,250 - INFO - 正在识别，请稍候...
2026-05-14 00:02:25,315 - INFO - 识别成功! 耗时: 6.06秒，识别结果: 开电视
2026-05-14 00:02:25,315 - INFO - 执行命令: 设备=tv, 动作=on
2026-05-14 00:02:25,315 - INFO - 设备状态变更: 电视 -> 开启
2026-05-14 00:02:25,315 - INFO - 指令执行成功: 电视 on
2026-05-14 00:02:27,809 - INFO - 开始录音...
2026-05-14 00:02:27,879 - INFO - 录音流已启动，采样率: 44100Hz
2026-05-14 00:02:30,029 - INFO - 停止录音，录音时长: 2.22秒，帧数: 92
2026-05-14 00:02:30,090 - INFO - 音频数据大小: 188416 bytes
2026-05-14 00:02:30,091 - INFO - 音频分析 - 最大值: 20015, RMS: 2452.16
2026-05-14 00:02:30,091 - INFO - 音频处理完成，增强后最大值: 30022
2026-05-14 00:02:30,091 - INFO - 开始识别...
2026-05-14 00:02:30,091 - INFO - 正在识别，请稍候...
2026-05-14 00:02:33,415 - INFO - 识别成功! 耗时: 3.32秒，识别结果: 开灯开灯
2026-05-14 00:02:33,415 - INFO - 执行命令: 设备=light, 动作=on
2026-05-14 00:02:33,416 - INFO - 设备状态变更: 灯 -> 开启
2026-05-14 00:02:33,416 - INFO - 指令执行成功: 灯 on
2026-05-14 00:02:36,231 - INFO - 开始录音...
2026-05-14 00:02:36,307 - INFO - 录音流已启动，采样率: 44100Hz
2026-05-14 00:02:37,744 - INFO - 停止录音，录音时长: 1.51秒，帧数: 61
2026-05-14 00:02:37,796 - INFO - 音频数据大小: 124928 bytes
2026-05-14 00:02:37,796 - INFO - 音频分析 - 最大值: 11027, RMS: 1556.30
2026-05-14 00:02:37,797 - INFO - 音频处理完成，增强后最大值: 16540
2026-05-14 00:02:37,797 - INFO - 开始识别...
2026-05-14 00:02:37,797 - INFO - 正在识别，请稍候...
2026-05-14 00:02:38,978 - INFO - 识别成功! 耗时: 1.18秒，识别结果: 关窗帘
2026-05-14 00:02:38,978 - INFO - 执行命令: 设备=curtain, 动作=off
2026-05-14 00:02:38,978 - INFO - 指令执行成功: 窗帘 off
2026-05-14 00:02:40,950 - INFO - 开始录音...
2026-05-14 00:02:41,023 - INFO - 录音流已启动，采样率: 44100Hz
2026-05-14 00:02:42,200 - INFO - 停止录音，录音时长: 1.25秒，帧数: 50
2026-05-14 00:02:42,255 - INFO - 音频数据大小: 102400 bytes
2026-05-14 00:02:42,256 - INFO - 音频分析 - 最大值: 14421, RMS: 2415.92
2026-05-14 00:02:42,256 - INFO - 音频处理完成，增强后最大值: 21631
2026-05-14 00:02:42,256 - INFO - 开始识别...
2026-05-14 00:02:42,256 - INFO - 正在识别，请稍候...
2026-05-14 00:02:45,853 - INFO - 识别成功! 耗时: 3.59秒，识别结果: 关灯
2026-05-14 00:02:45,853 - INFO - 执行命令: 设备=light, 动作=off
2026-05-14 00:02:45,853 - INFO - 设备状态变更: 灯 -> 关闭
2026-05-14 00:02:45,853 - INFO - 指令执行成功: 灯 off
2026-05-14 00:02:49,088 - INFO - 识别到手势: one
2026-05-14 00:02:49,088 - INFO - 设备状态变更: 灯 -> 开启
2026-05-14 00:02:49,088 - INFO - 指令执行成功: 灯 on
2026-05-14 00:02:50,647 - INFO - 清理语音识别器资源...
2026-05-14 00:02:50,648 - INFO - 语音识别器资源已清理
2026-05-14 00:02:50,672 - INFO - 手势识别服务已停止
2026-05-14 00:03:42,843 - INFO - 麦克风初始化成功
2026-05-14 00:03:43,303 - INFO - 摄像头初始化成功
2026-05-14 00:03:43,883 - INFO - 手势识别服务已启动，冷却时间: 2.0秒
2026-05-14 00:03:47,272 - INFO - 开始录音...
2026-05-14 00:03:47,360 - INFO - 录音流已启动，采样率: 44100Hz
2026-05-14 00:03:49,123 - INFO - 停止录音，录音时长: 1.85秒，帧数: 75
2026-05-14 00:03:49,171 - INFO - 音频数据大小: 153600 bytes
2026-05-14 00:03:49,171 - INFO - 音频分析 - 最大值: 11470, RMS: 1728.25
2026-05-14 00:03:49,171 - INFO - 音频处理完成，增强后最大值: 17205
2026-05-14 00:03:49,172 - INFO - 开始识别...
2026-05-14 00:03:49,172 - INFO - 正在识别，请稍候...
2026-05-14 00:04:05,061 - INFO - 清理语音识别器资源...
2026-05-14 00:04:05,061 - INFO - 语音识别器资源已清理
2026-05-14 00:04:05,080 - INFO - 手势识别服务已停止
2026-05-14 00:04:31,324 - ERROR - 语音识别服务请求失败: recognition connection failed: [WinError 10060] 由于连接方在一段时间后没有正确答复或连接的主机没有反应，连接尝试失败。
2026-05-14 00:12:48,423 - INFO - 麦克风初始化成功
2026-05-14 00:12:48,911 - INFO - 摄像头初始化成功
2026-05-14 00:12:49,452 - INFO - 手势识别服务已启动，冷却时间: 2.0秒
2026-05-14 00:12:51,353 - INFO - 开始录音...
2026-05-14 00:12:51,440 - INFO - 录音流已启动，采样率: 16000Hz
2026-05-14 00:12:52,733 - INFO - 停止录音，录音时长: 1.38秒，帧数: 19
2026-05-14 00:12:52,770 - INFO - 音频数据大小: 38912 bytes
2026-05-14 00:12:52,770 - INFO - 音频分析 - 最大值: 15591, RMS: 1741.53
2026-05-14 00:12:52,771 - INFO - 音频处理完成，增强后最大值: 23386
2026-05-14 00:12:52,771 - INFO - 开始识别...
2026-05-14 00:12:52,771 - INFO - 正在识别，请稍候...
2026-05-14 00:12:52,868 - ERROR - 获取Token失败: unknown client id
2026-05-14 00:12:52,869 - ERROR - 无法获取百度API Token
2026-05-14 00:12:57,639 - INFO - 开始录音...
2026-05-14 00:12:57,710 - INFO - 录音流已启动，采样率: 16000Hz
2026-05-14 00:12:58,740 - INFO - 停止录音，录音时长: 1.10秒，帧数: 15
2026-05-14 00:12:58,780 - INFO - 音频数据大小: 30720 bytes
2026-05-14 00:12:58,781 - INFO - 音频分析 - 最大值: 15001, RMS: 2205.93
2026-05-14 00:12:58,781 - INFO - 音频处理完成，增强后最大值: 22501
2026-05-14 00:12:58,781 - INFO - 开始识别...
2026-05-14 00:12:58,782 - INFO - 正在识别，请稍候...
2026-05-14 00:12:58,826 - ERROR - 获取Token失败: unknown client id
2026-05-14 00:12:58,826 - ERROR - 无法获取百度API Token
2026-05-14 00:13:01,463 - INFO - 清理语音识别器资源...
2026-05-14 00:13:01,463 - INFO - 语音识别器资源已清理
2026-05-14 00:13:01,491 - INFO - 手势识别服务已停止
2026-05-14 00:13:55,131 - INFO - 麦克风初始化成功
2026-05-14 00:13:55,578 - INFO - 摄像头初始化成功
2026-05-14 00:13:56,187 - INFO - 手势识别服务已启动，冷却时间: 2.0秒
2026-05-14 00:13:57,886 - INFO - 开始录音...
2026-05-14 00:13:57,977 - INFO - 录音流已启动，采样率: 16000Hz
2026-05-14 00:13:58,845 - INFO - 停止录音，录音时长: 0.96秒，帧数: 13
2026-05-14 00:13:58,914 - INFO - 音频数据大小: 26624 bytes
2026-05-14 00:13:58,915 - INFO - 音频分析 - 最大值: 11213, RMS: 1533.08
2026-05-14 00:13:58,915 - INFO - 音频处理完成，增强后最大值: 16819
2026-05-14 00:13:58,915 - INFO - 开始识别...
2026-05-14 00:13:58,915 - INFO - 正在识别，请稍候...
2026-05-14 00:13:58,966 - ERROR - 获取Token失败: unknown client id
2026-05-14 00:13:58,966 - ERROR - 无法获取百度API Token
2026-05-14 00:14:00,009 - INFO - 开始录音...
2026-05-14 00:14:00,082 - INFO - 录音流已启动，采样率: 16000Hz
2026-05-14 00:14:00,420 - INFO - 停止录音，录音时长: 0.41秒，帧数: 5
2026-05-14 00:14:00,512 - INFO - 音频数据大小: 10240 bytes
2026-05-14 00:14:00,512 - INFO - 音频分析 - 最大值: 43, RMS: 3.26
2026-05-14 00:14:00,512 - WARNING - 音频信号太弱
2026-05-14 00:14:00,513 - WARNING - 音频处理失败
2026-05-14 00:14:01,553 - INFO - 开始录音...
2026-05-14 00:14:01,627 - INFO - 录音流已启动，采样率: 16000Hz
2026-05-14 00:14:02,851 - INFO - 停止录音，录音时长: 1.30秒，帧数: 18
2026-05-14 00:14:02,888 - INFO - 音频数据大小: 36864 bytes
2026-05-14 00:14:02,888 - INFO - 音频分析 - 最大值: 11744, RMS: 1270.27
2026-05-14 00:14:02,889 - INFO - 音频处理完成，增强后最大值: 17616
2026-05-14 00:14:02,889 - INFO - 开始识别...
2026-05-14 00:14:02,889 - INFO - 正在识别，请稍候...
2026-05-14 00:14:02,931 - ERROR - 获取Token失败: unknown client id
2026-05-14 00:14:02,931 - ERROR - 无法获取百度API Token
2026-05-14 00:14:05,132 - INFO - 清理语音识别器资源...
2026-05-14 00:14:05,132 - INFO - 语音识别器资源已清理
2026-05-14 00:14:05,157 - INFO - 手势识别服务已停止
2026-05-14 00:14:48,137 - INFO - 麦克风初始化成功
2026-05-14 00:14:48,637 - INFO - 摄像头初始化成功
2026-05-14 00:14:49,079 - INFO - 手势识别服务已启动，冷却时间: 2.0秒
2026-05-14 00:14:57,616 - INFO - 开始录音...
2026-05-14 00:14:57,689 - INFO - 录音流已启动，采样率: 16000Hz
2026-05-14 00:14:59,796 - INFO - 停止录音，录音时长: 2.18秒，帧数: 32
2026-05-14 00:14:59,838 - INFO - 音频数据大小: 65536 bytes
2026-05-14 00:14:59,838 - INFO - 音频分析 - 最大值: 9502, RMS: 644.86
2026-05-14 00:14:59,839 - INFO - 音频处理完成，增强后最大值: 14253
2026-05-14 00:14:59,839 - INFO - 开始识别...
2026-05-14 00:14:59,839 - INFO - 正在识别，请稍候...
2026-05-14 00:15:00,042 - INFO - 获取百度API Token成功，有效期: 2592000秒
2026-05-14 00:15:00,497 - INFO - 百度识别成功! 耗时: 0.66秒，识别结果: 开灯。
2026-05-14 00:15:00,497 - INFO - 执行命令: 设备=light, 动作=on
2026-05-14 00:15:00,497 - INFO - 设备状态变更: 灯 -> 开启
2026-05-14 00:15:00,497 - INFO - 指令执行成功: 灯 on
2026-05-14 00:15:02,462 - INFO - 开始录音...
2026-05-14 00:15:02,524 - INFO - 录音流已启动，采样率: 16000Hz
2026-05-14 00:15:03,443 - INFO - 停止录音，录音时长: 0.98秒，帧数: 14
2026-05-14 00:15:03,527 - INFO - 音频数据大小: 28672 bytes
2026-05-14 00:15:03,527 - INFO - 音频分析 - 最大值: 6072, RMS: 859.06
2026-05-14 00:15:03,527 - INFO - 音频处理完成，增强后最大值: 9108
2026-05-14 00:15:03,527 - INFO - 开始识别...
2026-05-14 00:15:03,528 - INFO - 正在识别，请稍候...
2026-05-14 00:15:03,716 - INFO - 百度识别成功! 耗时: 0.19秒，识别结果: 关灯。
2026-05-14 00:15:03,716 - INFO - 执行命令: 设备=light, 动作=off
2026-05-14 00:15:03,716 - INFO - 设备状态变更: 灯 -> 关闭
2026-05-14 00:15:03,716 - INFO - 指令执行成功: 灯 off
2026-05-14 00:15:06,099 - INFO - 开始录音...
2026-05-14 00:15:06,159 - INFO - 录音流已启动，采样率: 16000Hz
2026-05-14 00:15:07,088 - INFO - 停止录音，录音时长: 0.99秒，帧数: 14
2026-05-14 00:15:07,161 - INFO - 音频数据大小: 28672 bytes
2026-05-14 00:15:07,161 - INFO - 音频分析 - 最大值: 7779, RMS: 986.32
2026-05-14 00:15:07,161 - INFO - 音频处理完成，增强后最大值: 11668
2026-05-14 00:15:07,161 - INFO - 开始识别...
2026-05-14 00:15:07,162 - INFO - 正在识别，请稍候...
2026-05-14 00:15:07,416 - INFO - 百度识别成功! 耗时: 0.25秒，识别结果: 开风扇。
2026-05-14 00:15:07,416 - INFO - 执行命令: 设备=fan, 动作=on
2026-05-14 00:15:07,416 - INFO - 设备状态变更: 风扇 -> 开启
2026-05-14 00:15:07,416 - INFO - 指令执行成功: 风扇 on
2026-05-14 00:15:09,009 - INFO - 开始录音...
2026-05-14 00:15:09,070 - INFO - 录音流已启动，采样率: 16000Hz
2026-05-14 00:15:10,254 - INFO - 停止录音，录音时长: 1.25秒，帧数: 18
2026-05-14 00:15:10,323 - INFO - 音频数据大小: 36864 bytes
2026-05-14 00:15:10,323 - INFO - 音频分析 - 最大值: 7205, RMS: 1109.34
2026-05-14 00:15:10,323 - INFO - 音频处理完成，增强后最大值: 10807
2026-05-14 00:15:10,323 - INFO - 开始识别...
2026-05-14 00:15:10,323 - INFO - 正在识别，请稍候...
2026-05-14 00:15:10,517 - INFO - 百度识别成功! 耗时: 0.19秒，识别结果: 关键是。
2026-05-14 00:15:10,517 - WARNING - 无法解析指令: 关键是。
2026-05-14 00:15:11,903 - INFO - 开始录音...
2026-05-14 00:15:11,967 - INFO - 录音流已启动，采样率: 16000Hz
2026-05-14 00:15:13,336 - INFO - 停止录音，录音时长: 1.43秒，帧数: 21
2026-05-14 00:15:13,409 - INFO - 音频数据大小: 43008 bytes
2026-05-14 00:15:13,409 - INFO - 音频分析 - 最大值: 5428, RMS: 1017.27
2026-05-14 00:15:13,409 - INFO - 音频处理完成，增强后最大值: 8142
2026-05-14 00:15:13,409 - INFO - 开始识别...
2026-05-14 00:15:13,410 - INFO - 正在识别，请稍候...
2026-05-14 00:15:13,630 - INFO - 百度识别成功! 耗时: 0.22秒，识别结果: 广电视。
2026-05-14 00:15:13,631 - WARNING - 无法解析指令: 广电视。
2026-05-14 00:15:15,586 - INFO - 开始录音...
2026-05-14 00:15:15,650 - INFO - 录音流已启动，采样率: 16000Hz
2026-05-14 00:15:16,913 - INFO - 停止录音，录音时长: 1.33秒，帧数: 19
2026-05-14 00:15:16,978 - INFO - 音频数据大小: 38912 bytes
2026-05-14 00:15:16,979 - INFO - 音频分析 - 最大值: 5702, RMS: 881.27
2026-05-14 00:15:16,979 - INFO - 音频处理完成，增强后最大值: 8553
2026-05-14 00:15:16,979 - INFO - 开始识别...
2026-05-14 00:15:16,979 - INFO - 正在识别，请稍候...
2026-05-14 00:15:17,177 - INFO - 百度识别成功! 耗时: 0.20秒，识别结果: 关电视。
2026-05-14 00:15:17,177 - INFO - 执行命令: 设备=tv, 动作=off
2026-05-14 00:15:17,177 - INFO - 指令执行成功: 电视 off
2026-05-14 00:15:18,046 - INFO - 开始录音...
2026-05-14 00:15:18,123 - INFO - 录音流已启动，采样率: 16000Hz
2026-05-14 00:15:19,394 - INFO - 停止录音，录音时长: 1.35秒，帧数: 19
2026-05-14 00:15:19,453 - INFO - 音频数据大小: 38912 bytes
2026-05-14 00:15:19,454 - INFO - 音频分析 - 最大值: 7987, RMS: 1224.41
2026-05-14 00:15:19,454 - INFO - 音频处理完成，增强后最大值: 11980
2026-05-14 00:15:19,454 - INFO - 开始识别...
2026-05-14 00:15:19,454 - INFO - 正在识别，请稍候...
2026-05-14 00:15:19,687 - INFO - 百度识别成功! 耗时: 0.23秒，识别结果: 开电视。
2026-05-14 00:15:19,687 - INFO - 执行命令: 设备=tv, 动作=on
2026-05-14 00:15:19,687 - INFO - 设备状态变更: 电视 -> 开启
2026-05-14 00:15:19,688 - INFO - 指令执行成功: 电视 on
2026-05-14 00:15:21,984 - INFO - 清理语音识别器资源...
2026-05-14 00:15:21,984 - INFO - 语音识别器资源已清理
2026-05-14 00:15:22,003 - INFO - 手势识别服务已停止
2026-05-14 00:28:49,620 - INFO - 麦克风初始化成功
2026-05-14 00:28:50,153 - INFO - 摄像头初始化成功
2026-05-14 00:28:51,110 - INFO - 手势识别服务已启动，冷却时间: 2.0秒
2026-05-14 00:28:52,295 - INFO - 识别到手势: five
2026-05-14 00:28:52,295 - INFO - 设备状态变更: 窗帘 -> 开启
2026-05-14 00:28:52,295 - INFO - 指令执行成功: 窗帘 on
2026-05-14 00:28:54,297 - INFO - 识别到手势: five
2026-05-14 00:28:54,297 - INFO - 设备状态变更: 窗帘 -> 关闭
2026-05-14 00:28:54,297 - INFO - 指令执行成功: 窗帘 off
2026-05-14 00:29:04,223 - INFO - 语言切换成功: 粤语 (dev_pid: 1637)
2026-05-14 00:29:06,587 - INFO - 开始录音...
2026-05-14 00:29:06,660 - INFO - 录音流已启动，采样率: 16000Hz
2026-05-14 00:29:08,335 - INFO - 停止录音，录音时长: 1.75秒，帧数: 26
2026-05-14 00:29:08,424 - INFO - 音频数据大小: 53248 bytes
2026-05-14 00:29:08,424 - INFO - 音频分析 - 最大值: 5295, RMS: 564.25
2026-05-14 00:29:08,424 - INFO - 音频处理完成，增强后最大值: 7942
2026-05-14 00:29:08,424 - INFO - 开始识别...
2026-05-14 00:29:08,425 - INFO - 正在识别，请稍候...
2026-05-14 00:29:08,513 - INFO - 获取百度API Token成功，有效期: 2592000秒
2026-05-14 00:29:09,411 - INFO - 百度识别成功! 耗时: 0.99秒，识别结果: 巨更，
2026-05-14 00:29:09,411 - WARNING - 无法解析指令: 巨更，
2026-05-14 00:29:19,746 - INFO - 语言切换成功: 英语 (dev_pid: 1737)
2026-05-14 00:29:20,972 - INFO - 开始录音...
2026-05-14 00:29:21,048 - INFO - 录音流已启动，采样率: 16000Hz
2026-05-14 00:29:23,176 - INFO - 停止录音，录音时长: 2.20秒，帧数: 33
2026-05-14 00:29:23,266 - INFO - 音频数据大小: 67584 bytes
2026-05-14 00:29:23,266 - INFO - 音频分析 - 最大值: 6220, RMS: 276.35
2026-05-14 00:29:23,267 - INFO - 音频处理完成，增强后最大值: 9330
2026-05-14 00:29:23,267 - INFO - 开始识别...
2026-05-14 00:29:23,267 - INFO - 正在识别，请稍候...
2026-05-14 00:29:23,776 - ERROR - 百度识别失败: err_no=3307, err_msg=recognition error.
2026-05-14 00:29:37,421 - INFO - 开始录音...
2026-05-14 00:29:37,620 - INFO - 录音流已启动，采样率: 16000Hz
2026-05-14 00:29:38,575 - INFO - 停止录音，录音时长: 1.15秒，帧数: 14
2026-05-14 00:29:38,761 - INFO - 音频数据大小: 28672 bytes
2026-05-14 00:29:38,761 - INFO - 音频分析 - 最大值: 42, RMS: 2.05
2026-05-14 00:29:38,762 - WARNING - 音频信号太弱
2026-05-14 00:29:38,762 - WARNING - 音频处理失败
2026-05-14 00:29:46,480 - INFO - 开始录音...
2026-05-14 00:29:46,656 - INFO - 录音流已启动，采样率: 16000Hz
2026-05-14 00:29:48,287 - INFO - 停止录音，录音时长: 1.81秒，帧数: 25
2026-05-14 00:29:48,366 - INFO - 音频数据大小: 51200 bytes
2026-05-14 00:29:48,366 - INFO - 音频分析 - 最大值: 924, RMS: 46.79
2026-05-14 00:29:48,366 - INFO - 音频处理完成，增强后最大值: 1386
2026-05-14 00:29:48,366 - INFO - 开始识别...
2026-05-14 00:29:48,367 - INFO - 正在识别，请稍候...
2026-05-14 00:29:48,671 - ERROR - 百度识别失败: err_no=3307, err_msg=recognition error.
2026-05-14 00:29:49,915 - INFO - 清理语音识别器资源...
2026-05-14 00:29:49,915 - INFO - 语音识别器资源已清理
2026-05-14 00:29:49,920 - INFO - 手势识别服务已停止
2026-05-14 00:29:55,770 - INFO - 麦克风初始化成功
2026-05-14 00:29:56,168 - INFO - 摄像头初始化成功
2026-05-14 00:29:56,885 - INFO - 手势识别服务已启动，冷却时间: 2.0秒
2026-05-14 00:30:00,692 - INFO - 开始录音...
2026-05-14 00:30:00,784 - INFO - 录音流已启动，采样率: 16000Hz
2026-05-14 00:30:02,028 - INFO - 停止录音，录音时长: 1.34秒，帧数: 19
2026-05-14 00:30:02,112 - INFO - 音频数据大小: 38912 bytes
2026-05-14 00:30:02,113 - INFO - 音频分析 - 最大值: 281, RMS: 11.21
2026-05-14 00:30:02,113 - INFO - 音频处理完成，增强后最大值: 421
2026-05-14 00:30:02,114 - INFO - 开始识别...
2026-05-14 00:30:02,114 - INFO - 正在识别，请稍候...
2026-05-14 00:30:02,183 - INFO - 获取百度API Token成功，有效期: 2592000秒
2026-05-14 00:30:02,554 - INFO - 百度识别成功! 耗时: 0.44秒，识别结果: 我不知道。
2026-05-14 00:30:02,555 - WARNING - 无法解析指令: 我不知道。
2026-05-14 00:30:07,991 - INFO - 语言切换成功: 英语 (dev_pid: 1737)
2026-05-14 00:30:10,705 - INFO - 开始录音...
2026-05-14 00:30:10,866 - INFO - 录音流已启动，采样率: 16000Hz
2026-05-14 00:30:11,636 - INFO - 停止录音，录音时长: 0.93秒，帧数: 11
2026-05-14 00:30:11,676 - INFO - 音频数据大小: 22528 bytes
2026-05-14 00:30:11,676 - INFO - 音频分析 - 最大值: 378, RMS: 19.61
2026-05-14 00:30:11,676 - INFO - 音频处理完成，增强后最大值: 567
2026-05-14 00:30:11,676 - INFO - 开始识别...
2026-05-14 00:30:11,677 - INFO - 正在识别，请稍候...
2026-05-14 00:30:11,972 - ERROR - 百度识别失败: err_no=3307, err_msg=recognition error.
2026-05-14 00:30:16,742 - INFO - 开始录音...
2026-05-14 00:30:16,817 - INFO - 录音流已启动，采样率: 16000Hz
2026-05-14 00:30:18,131 - INFO - 停止录音，录音时长: 1.39秒，帧数: 20
2026-05-14 00:30:18,207 - INFO - 音频数据大小: 40960 bytes
2026-05-14 00:30:18,208 - INFO - 音频分析 - 最大值: 912, RMS: 83.55
2026-05-14 00:30:18,209 - INFO - 音频处理完成，增强后最大值: 1368
2026-05-14 00:30:18,209 - INFO - 开始识别...
2026-05-14 00:30:18,209 - INFO - 正在识别，请稍候...
2026-05-14 00:30:18,508 - ERROR - 百度识别失败: err_no=3307, err_msg=recognition error.
2026-05-14 00:30:22,458 - INFO - 清理语音识别器资源...
2026-05-14 00:30:22,458 - INFO - 语音识别器资源已清理
2026-05-14 00:30:22,472 - INFO - 手势识别服务已停止
2026-05-14 00:45:14,211 - INFO - 麦克风初始化成功
2026-05-14 00:45:14,712 - INFO - 摄像头初始化成功
2026-05-14 00:45:15,565 - INFO - 手势识别服务已启动，冷却时间: 2.0秒
2026-05-14 00:45:16,360 - INFO - 识别到手势: five
2026-05-14 00:45:16,360 - INFO - 设备状态变更: 窗帘 -> 开启
2026-05-14 00:45:16,361 - INFO - 指令执行成功: 窗帘 on
2026-05-14 00:45:18,699 - INFO - 识别到手势: five
2026-05-14 00:45:18,700 - INFO - 设备状态变更: 窗帘 -> 关闭
2026-05-14 00:45:18,700 - INFO - 指令执行成功: 窗帘 off
2026-05-14 00:45:27,303 - INFO - 清理语音识别器资源...
2026-05-14 00:45:27,303 - INFO - 语音识别器资源已清理
2026-05-14 00:45:27,324 - INFO - 手势识别服务已停止
2026-05-14 00:50:17,443 - INFO - 麦克风初始化成功
2026-05-14 00:50:17,916 - INFO - 摄像头初始化成功
2026-05-14 00:50:18,425 - INFO - 手势识别服务已启动，冷却时间: 2.0秒
2026-05-14 00:50:21,302 - INFO - 开始录音...
2026-05-14 00:50:21,399 - INFO - 录音流已启动，采样率: 16000Hz
2026-05-14 00:50:23,425 - INFO - 停止录音，录音时长: 2.12秒，帧数: 31
2026-05-14 00:50:23,490 - INFO - 音频数据大小: 63488 bytes
2026-05-14 00:50:23,490 - INFO - 音频分析 - 最大值: 6528, RMS: 465.50
2026-05-14 00:50:23,490 - INFO - 音频处理完成，增强后最大值: 9792
2026-05-14 00:50:23,491 - INFO - 开始识别...
2026-05-14 00:50:23,491 - INFO - 正在识别，请稍候...
2026-05-14 00:50:23,550 - INFO - 获取百度API Token成功，有效期: 2592000秒
2026-05-14 00:50:23,805 - INFO - 百度识别成功! 耗时: 0.31秒，识别结果: 几点了？
2026-05-14 00:50:23,806 - INFO - 智能管家响应: ['现在是 2026年05月14日 00时50分']
2026-05-14 00:50:31,729 - INFO - 开始录音...
2026-05-14 00:50:31,891 - INFO - 录音流已启动，采样率: 16000Hz
2026-05-14 00:50:33,783 - INFO - 停止录音，录音时长: 2.05秒，帧数: 29
2026-05-14 00:50:33,859 - INFO - 音频数据大小: 59392 bytes
2026-05-14 00:50:33,859 - INFO - 音频分析 - 最大值: 3381, RMS: 267.96
2026-05-14 00:50:33,860 - INFO - 音频处理完成，增强后最大值: 5071
2026-05-14 00:50:33,860 - INFO - 开始识别...
2026-05-14 00:50:33,861 - INFO - 正在识别，请稍候...
2026-05-14 00:50:34,132 - INFO - 百度识别成功! 耗时: 0.27秒，识别结果: 有点冷了。
2026-05-14 00:50:34,177 - ERROR - 天气查询失败: APP不存在，AK有误请检查再重试
2026-05-14 00:50:34,177 - INFO - 智能管家响应: ['暂时无法获取天气信息']
2026-05-14 00:50:44,979 - INFO - 开始录音...
2026-05-14 00:50:45,159 - INFO - 录音流已启动，采样率: 16000Hz
2026-05-14 00:50:47,102 - INFO - 停止录音，录音时长: 2.12秒，帧数: 30
2026-05-14 00:50:47,189 - INFO - 音频数据大小: 61440 bytes
2026-05-14 00:50:47,190 - INFO - 音频分析 - 最大值: 1750, RMS: 102.90
2026-05-14 00:50:47,192 - INFO - 音频处理完成，增强后最大值: 2625
2026-05-14 00:50:47,192 - INFO - 开始识别...
2026-05-14 00:50:47,193 - INFO - 正在识别，请稍候...
2026-05-14 00:50:47,523 - INFO - 百度识别成功! 耗时: 0.33秒，识别结果: 秋天。
2026-05-14 00:50:47,523 - WARNING - 无法解析指令: 秋天。
2026-05-14 00:50:54,437 - INFO - 开始录音...
2026-05-14 00:50:54,599 - INFO - 录音流已启动，采样率: 16000Hz
2026-05-14 00:50:56,251 - INFO - 停止录音，录音时长: 1.81秒，帧数: 25
2026-05-14 00:50:56,307 - INFO - 音频数据大小: 51200 bytes
2026-05-14 00:50:56,307 - INFO - 音频分析 - 最大值: 582, RMS: 26.37
2026-05-14 00:50:56,307 - INFO - 音频处理完成，增强后最大值: 873
2026-05-14 00:50:56,308 - INFO - 开始识别...
2026-05-14 00:50:56,308 - INFO - 正在识别，请稍候...
2026-05-14 00:50:56,573 - WARNING - 识别结果为空
2026-05-14 00:50:59,740 - INFO - 开始录音...
2026-05-14 00:50:59,813 - INFO - 录音流已启动，采样率: 16000Hz
2026-05-14 00:51:01,534 - INFO - 停止录音，录音时长: 1.79秒，帧数: 26
2026-05-14 00:51:01,582 - INFO - 音频数据大小: 53248 bytes
2026-05-14 00:51:01,582 - INFO - 音频分析 - 最大值: 5281, RMS: 300.34
2026-05-14 00:51:01,583 - INFO - 音频处理完成，增强后最大值: 7921
2026-05-14 00:51:01,584 - INFO - 开始识别...
2026-05-14 00:51:01,584 - INFO - 正在识别，请稍候...
2026-05-14 00:51:01,799 - INFO - 百度识别成功! 耗时: 0.21秒，识别结果: 我们。
2026-05-14 00:51:01,800 - WARNING - 无法解析指令: 我们。
2026-05-14 00:51:08,154 - INFO - 开始录音...
2026-05-14 00:51:08,236 - INFO - 录音流已启动，采样率: 16000Hz
2026-05-14 00:51:10,398 - INFO - 停止录音，录音时长: 2.24秒，帧数: 33
2026-05-14 00:51:10,455 - INFO - 音频数据大小: 67584 bytes
2026-05-14 00:51:10,457 - INFO - 音频分析 - 最大值: 3470, RMS: 276.66
2026-05-14 00:51:10,457 - INFO - 音频处理完成，增强后最大值: 5205
2026-05-14 00:51:10,457 - INFO - 开始识别...
2026-05-14 00:51:10,457 - INFO - 正在识别，请稍候...
2026-05-14 00:51:10,862 - INFO - 百度识别成功! 耗时: 0.40秒，识别结果: 条件的吗？
2026-05-14 00:51:10,862 - WARNING - 无法解析指令: 条件的吗？
2026-05-14 00:51:13,030 - INFO - 开始录音...
2026-05-14 00:51:13,110 - INFO - 录音流已启动，采样率: 16000Hz
2026-05-14 00:51:15,332 - INFO - 停止录音，录音时长: 2.30秒，帧数: 34
2026-05-14 00:51:15,400 - INFO - 音频数据大小: 69632 bytes
2026-05-14 00:51:15,401 - INFO - 音频分析 - 最大值: 4888, RMS: 328.47
2026-05-14 00:51:15,401 - INFO - 音频处理完成，增强后最大值: 7332
2026-05-14 00:51:15,401 - INFO - 开始识别...
2026-05-14 00:51:15,402 - INFO - 正在识别，请稍候...
2026-05-14 00:51:15,763 - INFO - 百度识别成功! 耗时: 0.36秒，识别结果: 小天。
2026-05-14 00:51:15,764 - WARNING - 无法解析指令: 小天。
2026-05-14 00:51:19,737 - INFO - 开始录音...
2026-05-14 00:51:19,814 - INFO - 录音流已启动，采样率: 16000Hz
2026-05-14 00:51:21,782 - INFO - 停止录音，录音时长: 2.05秒，帧数: 30
2026-05-14 00:51:21,845 - INFO - 音频数据大小: 61440 bytes
2026-05-14 00:51:21,845 - INFO - 音频分析 - 最大值: 964, RMS: 47.00
2026-05-14 00:51:21,846 - INFO - 音频处理完成，增强后最大值: 1446
2026-05-14 00:51:21,846 - INFO - 开始识别...
2026-05-14 00:51:21,846 - INFO - 正在识别，请稍候...
2026-05-14 00:51:22,085 - INFO - 百度识别成功! 耗时: 0.24秒，识别结果: 哦。
2026-05-14 00:51:22,085 - WARNING - 无法解析指令: 哦。
2026-05-14 00:51:29,154 - INFO - 识别到手势: one
2026-05-14 00:51:29,154 - INFO - 设备状态变更: 灯 -> 开启
2026-05-14 00:51:29,154 - INFO - 指令执行成功: 灯 on
2026-05-14 00:51:31,429 - INFO - 清理语音识别器资源...
2026-05-14 00:51:31,430 - INFO - 语音识别器资源已清理
2026-05-14 00:51:31,450 - INFO - 手势识别服务已停止
2026-05-14 00:55:01,748 - INFO - 麦克风初始化成功
2026-05-14 00:55:02,186 - INFO - 摄像头初始化成功
2026-05-14 00:55:03,117 - INFO - 手势识别服务已启动，冷却时间: 2.0秒
2026-05-14 00:55:19,030 - INFO - 开始录音...
2026-05-14 00:55:19,103 - INFO - 录音流已启动，采样率: 16000Hz
2026-05-14 00:55:20,687 - INFO - 停止录音，录音时长: 1.66秒，帧数: 24
2026-05-14 00:55:20,747 - INFO - 音频数据大小: 49152 bytes
2026-05-14 00:55:20,747 - INFO - 音频分析 - 最大值: 3154, RMS: 229.44
2026-05-14 00:55:20,747 - INFO - 音频处理完成，增强后最大值: 4731
2026-05-14 00:55:20,747 - INFO - 开始识别...
2026-05-14 00:55:20,747 - INFO - 正在识别，请稍候...
2026-05-14 00:55:20,814 - INFO - 获取百度API Token成功，有效期: 2592000秒
2026-05-14 00:55:21,141 - INFO - 百度识别成功! 耗时: 0.39秒，识别结果: 几点了？
2026-05-14 00:55:21,185 - INFO - 获取百度API Token成功，有效期: 2592000秒
2026-05-14 00:55:21,239 - ERROR - 语音合成失败: {"convert_offline":false,"err_detail":"ctp is empty.","err_msg":"parameter error.","err_no":501,"err_subcode":13,"sn":"b2P8QCnYDAFt49gGSF6C","tts_logid":2247475431}

2026-05-14 00:55:21,239 - INFO - 智能管家响应: ['现在是 2026年05月14日 00时55分']
2026-05-14 00:55:29,957 - INFO - 开始录音...
2026-05-14 00:55:30,019 - INFO - 录音流已启动，采样率: 16000Hz
2026-05-14 00:55:31,583 - INFO - 停止录音，录音时长: 1.63秒，帧数: 24
2026-05-14 00:55:31,662 - INFO - 音频数据大小: 49152 bytes
2026-05-14 00:55:31,662 - INFO - 音频分析 - 最大值: 4316, RMS: 278.40
2026-05-14 00:55:31,662 - INFO - 音频处理完成，增强后最大值: 6474
2026-05-14 00:55:31,662 - INFO - 开始识别...
2026-05-14 00:55:31,663 - INFO - 正在识别，请稍候...
2026-05-14 00:55:31,993 - INFO - 百度识别成功! 耗时: 0.33秒，识别结果: 看着。
2026-05-14 00:55:31,993 - WARNING - 无法解析指令: 看着。
2026-05-14 00:55:33,385 - INFO - 开始录音...
2026-05-14 00:55:33,444 - INFO - 录音流已启动，采样率: 16000Hz
2026-05-14 00:55:34,780 - INFO - 停止录音，录音时长: 1.40秒，帧数: 20
2026-05-14 00:55:34,825 - INFO - 音频数据大小: 40960 bytes
2026-05-14 00:55:34,825 - INFO - 音频分析 - 最大值: 2483, RMS: 159.94
2026-05-14 00:55:34,825 - INFO - 音频处理完成，增强后最大值: 3724
2026-05-14 00:55:34,825 - INFO - 开始识别...
2026-05-14 00:55:34,826 - INFO - 正在识别，请稍候...
2026-05-14 00:55:35,049 - INFO - 百度识别成功! 耗时: 0.22秒，识别结果: 看着。
2026-05-14 00:55:35,049 - WARNING - 无法解析指令: 看着。
2026-05-14 00:55:37,247 - INFO - 识别到手势: one
2026-05-14 00:55:37,247 - INFO - 设备状态变更: 灯 -> 开启
2026-05-14 00:55:37,247 - INFO - 指令执行成功: 灯 on
2026-05-14 00:55:42,895 - INFO - 开始录音...
2026-05-14 00:55:42,955 - INFO - 录音流已启动，采样率: 16000Hz
2026-05-14 00:55:44,696 - INFO - 停止录音，录音时长: 1.80秒，帧数: 27
2026-05-14 00:55:44,787 - INFO - 音频数据大小: 55296 bytes
2026-05-14 00:55:44,787 - INFO - 音频分析 - 最大值: 1893, RMS: 150.81
2026-05-14 00:55:44,787 - INFO - 音频处理完成，增强后最大值: 2839
2026-05-14 00:55:44,787 - INFO - 开始识别...
2026-05-14 00:55:44,787 - INFO - 正在识别，请稍候...
2026-05-14 00:55:45,333 - INFO - 百度识别成功! 耗时: 0.54秒，识别结果: 几点了？
2026-05-14 00:55:45,495 - ERROR - 语音合成失败: {"convert_offline":false,"err_detail":"ctp is empty.","err_msg":"parameter error.","err_no":501,"err_subcode":13,"sn":"YTm0UUPIBjj8Z12i683M","tts_logid":2341024352}

2026-05-14 00:55:45,495 - INFO - 智能管家响应: ['现在是 2026年05月14日 00时55分']
2026-05-14 00:55:52,390 - INFO - 清理语音识别器资源...
2026-05-14 00:55:52,390 - INFO - 语音识别器资源已清理
2026-05-14 00:55:52,401 - INFO - 手势识别服务已停止
2026-05-14 00:56:48,650 - INFO - 麦克风初始化成功
2026-05-14 00:56:49,177 - INFO - 摄像头初始化成功
2026-05-14 00:56:50,081 - INFO - 手势识别服务已启动，冷却时间: 2.0秒
2026-05-14 00:56:54,116 - INFO - 开始录音...
2026-05-14 00:56:54,199 - INFO - 录音流已启动，采样率: 16000Hz
2026-05-14 00:56:55,593 - INFO - 停止录音，录音时长: 1.48秒，帧数: 21
2026-05-14 00:56:55,641 - INFO - 音频数据大小: 43008 bytes
2026-05-14 00:56:55,641 - INFO - 音频分析 - 最大值: 3970, RMS: 327.84
2026-05-14 00:56:55,641 - INFO - 音频处理完成，增强后最大值: 5955
2026-05-14 00:56:55,641 - INFO - 开始识别...
2026-05-14 00:56:55,642 - INFO - 正在识别，请稍候...
2026-05-14 00:56:55,725 - INFO - 获取百度API Token成功，有效期: 2592000秒
2026-05-14 00:56:55,938 - INFO - 百度识别成功! 耗时: 0.29秒，识别结果: 几点钟？
2026-05-14 00:56:55,990 - INFO - 获取百度API Token成功，有效期: 2592000秒
2026-05-14 00:56:56,420 - INFO - 语音合成成功: 现在是 2026年05月14日 00时56分 -> C:\Users\hesha\Desktop\test\test1\temp_audio\tts_b7a558aa01cb48d1aedfb9a0a86e23a6.mp3
2026-05-14 00:56:56,420 - INFO - 智能管家响应: ['现在是 2026年05月14日 00时56分']
2026-05-14 00:57:04,061 - INFO - 开始录音...
2026-05-14 00:57:04,121 - INFO - 录音流已启动，采样率: 16000Hz
2026-05-14 00:57:05,919 - INFO - 停止录音，录音时长: 1.86秒，帧数: 27
2026-05-14 00:57:05,953 - INFO - 音频数据大小: 55296 bytes
2026-05-14 00:57:05,953 - INFO - 音频分析 - 最大值: 1777, RMS: 112.93
2026-05-14 00:57:05,953 - INFO - 音频处理完成，增强后最大值: 2665
2026-05-14 00:57:05,953 - INFO - 开始识别...
2026-05-14 00:57:05,954 - INFO - 正在识别，请稍候...
2026-05-14 00:57:06,199 - INFO - 百度识别成功! 耗时: 0.25秒，识别结果: 孩子。
2026-05-14 00:57:06,199 - WARNING - 无法解析指令: 孩子。
2026-05-14 00:57:09,070 - INFO - 开始录音...
2026-05-14 00:57:09,136 - INFO - 录音流已启动，采样率: 16000Hz
2026-05-14 00:57:10,704 - INFO - 停止录音，录音时长: 1.63秒，帧数: 24
2026-05-14 00:57:10,779 - INFO - 音频数据大小: 49152 bytes
2026-05-14 00:57:10,779 - INFO - 音频分析 - 最大值: 418, RMS: 11.82
2026-05-14 00:57:10,779 - INFO - 音频处理完成，增强后最大值: 627
2026-05-14 00:57:10,779 - INFO - 开始识别...
2026-05-14 00:57:10,779 - INFO - 正在识别，请稍候...
2026-05-14 00:57:11,163 - WARNING - 识别结果为空
2026-05-14 00:57:24,100 - INFO - 开始录音...
2026-05-14 00:57:24,161 - INFO - 录音流已启动，采样率: 16000Hz
2026-05-14 00:57:26,357 - INFO - 停止录音，录音时长: 2.26秒，帧数: 34
2026-05-14 00:57:26,446 - INFO - 音频数据大小: 69632 bytes
2026-05-14 00:57:26,447 - INFO - 音频分析 - 最大值: 163, RMS: 4.47
2026-05-14 00:57:26,447 - INFO - 音频处理完成，增强后最大值: 244
2026-05-14 00:57:26,447 - INFO - 开始识别...
2026-05-14 00:57:26,447 - INFO - 正在识别，请稍候...
2026-05-14 00:57:26,991 - INFO - 百度识别成功! 耗时: 0.54秒，识别结果: 我不知道啊！
2026-05-14 00:57:26,991 - WARNING - 无法解析指令: 我不知道啊！
2026-05-14 00:57:30,498 - INFO - 开始录音...
2026-05-14 00:57:30,559 - INFO - 录音流已启动，采样率: 16000Hz
2026-05-14 00:57:32,350 - INFO - 停止录音，录音时长: 1.85秒，帧数: 27
2026-05-14 00:57:32,390 - INFO - 音频数据大小: 55296 bytes
2026-05-14 00:57:32,390 - INFO - 音频分析 - 最大值: 608, RMS: 18.33
2026-05-14 00:57:32,390 - INFO - 音频处理完成，增强后最大值: 912
2026-05-14 00:57:32,390 - INFO - 开始识别...
2026-05-14 00:57:32,391 - INFO - 正在识别，请稍候...
2026-05-14 00:57:32,843 - INFO - 百度识别成功! 耗时: 0.45秒，识别结果: 我不知道。
2026-05-14 00:57:32,843 - WARNING - 无法解析指令: 我不知道。
2026-05-14 00:57:33,887 - INFO - 开始录音...
2026-05-14 00:57:33,950 - INFO - 录音流已启动，采样率: 16000Hz
2026-05-14 00:57:35,275 - INFO - 停止录音，录音时长: 1.39秒，帧数: 20
2026-05-14 00:57:35,331 - INFO - 音频数据大小: 40960 bytes
2026-05-14 00:57:35,332 - INFO - 音频分析 - 最大值: 1962, RMS: 210.88
2026-05-14 00:57:35,332 - INFO - 音频处理完成，增强后最大值: 2943
2026-05-14 00:57:35,332 - INFO - 开始识别...
2026-05-14 00:57:35,332 - INFO - 正在识别，请稍候...
2026-05-14 00:57:35,574 - INFO - 百度识别成功! 耗时: 0.24秒，识别结果: 可以的。
2026-05-14 00:57:35,574 - WARNING - 无法解析指令: 可以的。
2026-05-14 00:57:41,709 - INFO - 开始录音...
2026-05-14 00:57:41,773 - INFO - 录音流已启动，采样率: 16000Hz
2026-05-14 00:57:43,283 - INFO - 停止录音，录音时长: 1.57秒，帧数: 23
2026-05-14 00:57:43,346 - INFO - 音频数据大小: 47104 bytes
2026-05-14 00:57:43,346 - INFO - 音频分析 - 最大值: 3444, RMS: 126.94
2026-05-14 00:57:43,346 - INFO - 音频处理完成，增强后最大值: 5166
2026-05-14 00:57:43,346 - INFO - 开始识别...
2026-05-14 00:57:43,346 - INFO - 正在识别，请稍候...
2026-05-14 00:57:43,580 - INFO - 百度识别成功! 耗时: 0.23秒，识别结果: 看看。
2026-05-14 00:57:43,580 - WARNING - 无法解析指令: 看看。
2026-05-14 00:57:59,634 - INFO - 识别到手势: two
2026-05-14 00:57:59,634 - INFO - 设备状态变更: 空调 -> 开启
2026-05-14 00:57:59,634 - INFO - 指令执行成功: 空调 on
2026-05-14 00:58:04,868 - INFO - 识别到手势: five
2026-05-14 00:58:04,868 - INFO - 设备状态变更: 窗帘 -> 开启
2026-05-14 00:58:04,869 - INFO - 指令执行成功: 窗帘 on
2026-05-14 00:58:07,860 - INFO - 开始录音...
2026-05-14 00:58:07,956 - INFO - 录音流已启动，采样率: 16000Hz
2026-05-14 00:58:09,460 - INFO - 停止录音，录音时长: 1.60秒，帧数: 23
2026-05-14 00:58:09,525 - INFO - 音频数据大小: 47104 bytes
2026-05-14 00:58:09,525 - INFO - 音频分析 - 最大值: 177, RMS: 7.38
2026-05-14 00:58:09,526 - INFO - 音频处理完成，增强后最大值: 265
2026-05-14 00:58:09,526 - INFO - 开始识别...
2026-05-14 00:58:09,526 - INFO - 正在识别，请稍候...
2026-05-14 00:58:10,067 - INFO - 百度识别成功! 耗时: 0.54秒，识别结果: 我也不知道。
2026-05-14 00:58:10,068 - WARNING - 无法解析指令: 我也不知道。
2026-05-14 00:58:12,657 - INFO - 识别到手势: one
2026-05-14 00:58:12,657 - INFO - 设备状态变更: 灯 -> 开启
2026-05-14 00:58:12,657 - INFO - 指令执行成功: 灯 on
2026-05-14 00:58:15,279 - INFO - 开始录音...
2026-05-14 00:58:15,336 - INFO - 录音流已启动，采样率: 16000Hz
2026-05-14 00:58:16,668 - INFO - 停止录音，录音时长: 1.39秒，帧数: 20
2026-05-14 00:58:16,716 - INFO - 音频数据大小: 40960 bytes
2026-05-14 00:58:16,716 - INFO - 音频分析 - 最大值: 1844, RMS: 86.48
2026-05-14 00:58:16,716 - INFO - 音频处理完成，增强后最大值: 2766
2026-05-14 00:58:16,716 - INFO - 开始识别...
2026-05-14 00:58:16,716 - INFO - 正在识别，请稍候...
2026-05-14 00:58:17,056 - INFO - 百度识别成功! 耗时: 0.34秒，识别结果: 看。
2026-05-14 00:58:17,057 - WARNING - 无法解析指令: 看。
2026-05-14 00:58:18,565 - INFO - 开始录音...
2026-05-14 00:58:18,625 - INFO - 录音流已启动，采样率: 16000Hz
2026-05-14 00:58:20,096 - INFO - 停止录音，录音时长: 1.53秒，帧数: 22
2026-05-14 00:58:20,134 - INFO - 音频数据大小: 45056 bytes
2026-05-14 00:58:20,134 - INFO - 音频分析 - 最大值: 1192, RMS: 56.29
2026-05-14 00:58:20,134 - INFO - 音频处理完成，增强后最大值: 1788
2026-05-14 00:58:20,134 - INFO - 开始识别...
2026-05-14 00:58:20,135 - INFO - 正在识别，请稍候...
2026-05-14 00:58:20,412 - WARNING - 识别结果为空
2026-05-14 00:58:24,219 - INFO - 开始录音...
2026-05-14 00:58:24,274 - INFO - 录音流已启动，采样率: 16000Hz
2026-05-14 00:58:26,056 - INFO - 停止录音，录音时长: 1.84秒，帧数: 27
2026-05-14 00:58:26,104 - INFO - 音频数据大小: 55296 bytes
2026-05-14 00:58:26,104 - INFO - 音频分析 - 最大值: 1040, RMS: 67.96
2026-05-14 00:58:26,104 - INFO - 音频处理完成，增强后最大值: 1560
2026-05-14 00:58:26,104 - INFO - 开始识别...
2026-05-14 00:58:26,104 - INFO - 正在识别，请稍候...
2026-05-14 00:58:26,351 - INFO - 百度识别成功! 耗时: 0.25秒，识别结果: 看。
2026-05-14 00:58:26,352 - WARNING - 无法解析指令: 看。
2026-05-14 00:58:29,207 - INFO - 开始录音...
2026-05-14 00:58:29,264 - INFO - 录音流已启动，采样率: 16000Hz
2026-05-14 00:58:31,291 - INFO - 停止录音，录音时长: 2.09秒，帧数: 31
2026-05-14 00:58:31,344 - INFO - 音频数据大小: 63488 bytes
2026-05-14 00:58:31,344 - INFO - 音频分析 - 最大值: 31, RMS: 1.14
2026-05-14 00:58:31,344 - WARNING - 音频信号太弱
2026-05-14 00:58:31,344 - WARNING - 音频处理失败
2026-05-14 00:58:34,832 - INFO - 开始录音...
2026-05-14 00:58:34,889 - INFO - 录音流已启动，采样率: 16000Hz
2026-05-14 00:58:36,565 - INFO - 停止录音，录音时长: 1.73秒，帧数: 26
2026-05-14 00:58:36,650 - INFO - 音频数据大小: 53248 bytes
2026-05-14 00:58:36,650 - INFO - 音频分析 - 最大值: 1623, RMS: 126.31
2026-05-14 00:58:36,650 - INFO - 音频处理完成，增强后最大值: 2434
2026-05-14 00:58:36,650 - INFO - 开始识别...
2026-05-14 00:58:36,650 - INFO - 正在识别，请稍候...
2026-05-14 00:58:36,891 - INFO - 百度识别成功! 耗时: 0.24秒，识别结果: 起。
2026-05-14 00:58:36,891 - WARNING - 无法解析指令: 起。
2026-05-14 00:58:52,099 - INFO - 清理语音识别器资源...
2026-05-14 00:58:52,099 - INFO - 语音识别器资源已清理
2026-05-14 00:58:52,121 - INFO - 手势识别服务已停止
2026-05-14 10:08:29,181 - INFO - 麦克风初始化成功
2026-05-14 10:08:29,710 - INFO - 摄像头初始化成功
2026-05-14 10:08:31,022 - INFO - 手势识别服务已启动，冷却时间: 2.0秒
2026-05-14 10:08:54,011 - INFO - 开始录音...
2026-05-14 10:08:54,100 - INFO - 录音流已启动，采样率: 16000Hz
2026-05-14 10:08:56,026 - INFO - 停止录音，录音时长: 2.02秒，帧数: 29
2026-05-14 10:08:56,060 - INFO - 音频数据大小: 59392 bytes
2026-05-14 10:08:56,063 - INFO - 音频分析 - 最大值: 11764, RMS: 1808.72
2026-05-14 10:08:56,063 - INFO - 音频处理完成，增强后最大值: 17646
2026-05-14 10:08:56,063 - INFO - 开始识别...
2026-05-14 10:08:56,063 - INFO - 正在识别，请稍候...
2026-05-14 10:08:56,162 - INFO - 获取百度API Token成功，有效期: 2592000秒
2026-05-14 10:08:56,595 - INFO - 百度识别成功! 耗时: 0.53秒，识别结果: 现在几点了？
2026-05-14 10:08:56,655 - INFO - 获取百度API Token成功，有效期: 2592000秒
2026-05-14 10:08:57,100 - INFO - 语音合成成功: 现在是 2026年05月14日 10时08分 -> c:\Users\hesha\Desktop\test\test1\temp_audio\tts_03a175bd99fe4ea0a8954c118fc192ea.mp3
2026-05-14 10:08:57,100 - INFO - 智能管家响应: ['现在是 2026年05月14日 10时08分']
2026-05-14 10:09:02,576 - INFO - 开始录音...
2026-05-14 10:09:02,632 - INFO - 录音流已启动，采样率: 16000Hz
2026-05-14 10:09:05,259 - INFO - 停止录音，录音时长: 2.68秒，帧数: 40
2026-05-14 10:09:05,291 - INFO - 音频数据大小: 81920 bytes
2026-05-14 10:09:05,291 - INFO - 音频分析 - 最大值: 14106, RMS: 2112.05
2026-05-14 10:09:05,292 - INFO - 音频处理完成，增强后最大值: 21159
2026-05-14 10:09:05,292 - INFO - 开始识别...
2026-05-14 10:09:05,292 - INFO - 正在识别，请稍候...
2026-05-14 10:09:05,769 - INFO - 百度识别成功! 耗时: 0.48秒，识别结果: 我为人人。
2026-05-14 10:09:05,769 - WARNING - 无法解析指令: 我为人人。
2026-05-14 10:09:07,172 - INFO - 开始录音...
2026-05-14 10:09:07,231 - INFO - 录音流已启动，采样率: 16000Hz
2026-05-14 10:09:09,421 - INFO - 停止录音，录音时长: 2.25秒，帧数: 34
2026-05-14 10:09:09,511 - INFO - 音频数据大小: 69632 bytes
2026-05-14 10:09:09,511 - INFO - 音频分析 - 最大值: 12060, RMS: 1508.07
2026-05-14 10:09:09,511 - INFO - 音频处理完成，增强后最大值: 18090
2026-05-14 10:09:09,511 - INFO - 开始识别...
2026-05-14 10:09:09,512 - INFO - 正在识别，请稍候...
2026-05-14 10:09:09,897 - INFO - 百度识别成功! 耗时: 0.38秒，识别结果: 我有点冷。
2026-05-14 10:09:09,967 - ERROR - 天气查询失败: APP不存在，AK有误请检查再重试
2026-05-14 10:09:10,268 - INFO - 语音合成成功: 暂时无法获取天气信息 -> c:\Users\hesha\Desktop\test\test1\temp_audio\tts_d04ff2aeda354df08abf1d62c1d6a9d9.mp3
2026-05-14 10:09:10,269 - INFO - 智能管家响应: ['暂时无法获取天气信息']
2026-05-14 10:09:36,001 - INFO - 开始录音...
2026-05-14 10:09:36,059 - INFO - 录音流已启动，采样率: 16000Hz
2026-05-14 10:09:38,536 - INFO - 停止录音，录音时长: 2.53秒，帧数: 38
2026-05-14 10:09:38,587 - INFO - 音频数据大小: 77824 bytes
2026-05-14 10:09:38,587 - INFO - 音频分析 - 最大值: 8254, RMS: 1360.70
2026-05-14 10:09:38,587 - INFO - 音频处理完成，增强后最大值: 12381
2026-05-14 10:09:38,587 - INFO - 开始识别...
2026-05-14 10:09:38,589 - INFO - 正在识别，请稍候...
2026-05-14 10:09:38,994 - INFO - 百度识别成功! 耗时: 0.40秒，识别结果: 今天天气怎么样？
2026-05-14 10:09:39,036 - ERROR - 天气查询失败: APP不存在，AK有误请检查再重试
2026-05-14 10:09:39,165 - INFO - 语音合成成功: 暂时无法获取天气信息 -> c:\Users\hesha\Desktop\test\test1\temp_audio\tts_1a89ab5e13ed45e599db0f34858a9e16.mp3
2026-05-14 10:09:39,165 - INFO - 智能管家响应: ['暂时无法获取天气信息']
2026-05-14 10:09:44,681 - INFO - 开始录音...
2026-05-14 10:09:44,739 - INFO - 录音流已启动，采样率: 16000Hz
2026-05-14 10:09:47,589 - INFO - 停止录音，录音时长: 2.91秒，帧数: 44
2026-05-14 10:09:47,661 - INFO - 音频数据大小: 90112 bytes
2026-05-14 10:09:47,661 - INFO - 音频分析 - 最大值: 10025, RMS: 1094.79
2026-05-14 10:09:47,661 - INFO - 音频处理完成，增强后最大值: 15037
2026-05-14 10:09:47,661 - INFO - 开始识别...
2026-05-14 10:09:47,662 - INFO - 正在识别，请稍候...
2026-05-14 10:09:47,992 - INFO - 百度识别成功! 耗时: 0.33秒，识别结果: 两个小时之后叫我。
2026-05-14 10:09:47,992 - WARNING - 无法解析指令: 两个小时之后叫我。
2026-05-14 10:09:54,286 - INFO - 开始录音...
2026-05-14 10:09:54,343 - INFO - 录音流已启动，采样率: 16000Hz
2026-05-14 10:09:57,781 - INFO - 停止录音，录音时长: 3.49秒，帧数: 53
2026-05-14 10:09:57,834 - INFO - 音频数据大小: 108544 bytes
2026-05-14 10:09:57,834 - INFO - 音频分析 - 最大值: 10476, RMS: 1249.99
2026-05-14 10:09:57,835 - INFO - 音频处理完成，增强后最大值: 15714
2026-05-14 10:09:57,835 - INFO - 开始识别...
2026-05-14 10:09:57,835 - INFO - 正在识别，请稍候...
2026-05-14 10:09:58,346 - INFO - 百度识别成功! 耗时: 0.51秒，识别结果: 管家管家两个小时之后叫我。
2026-05-14 10:09:58,348 - INFO - 检测到唤醒词: 管家管家
2026-05-14 10:09:58,348 - INFO - 唤醒成功，命令: 两个小时之后叫我。
2026-05-14 10:10:19,306 - INFO - 识别到手势: one
2026-05-14 10:10:19,306 - INFO - 设备状态变更: 灯 -> 开启
2026-05-14 10:10:19,307 - INFO - 指令执行成功: 灯 on
2026-05-14 10:10:24,048 - INFO - 语言切换成功: 英语 (dev_pid: 1737)
2026-05-14 10:10:25,052 - INFO - 开始录音...
2026-05-14 10:10:25,119 - INFO - 录音流已启动，采样率: 16000Hz
2026-05-14 10:10:27,174 - INFO - 停止录音，录音时长: 2.12秒，帧数: 32
2026-05-14 10:10:27,269 - INFO - 音频数据大小: 65536 bytes
2026-05-14 10:10:27,269 - INFO - 音频分析 - 最大值: 16202, RMS: 2212.99
2026-05-14 10:10:27,269 - INFO - 音频处理完成，增强后最大值: 24303
2026-05-14 10:10:27,269 - INFO - 开始识别...
2026-05-14 10:10:27,271 - INFO - 正在识别，请稍候...
2026-05-14 10:10:27,743 - INFO - 百度识别成功! 耗时: 0.47秒，识别结果: turn on the light
2026-05-14 10:10:27,743 - WARNING - 无法解析指令: turn on the light
2026-05-14 10:10:33,504 - INFO - 开始录音...
2026-05-14 10:10:33,561 - INFO - 录音流已启动，采样率: 16000Hz
2026-05-14 10:10:35,903 - INFO - 停止录音，录音时长: 2.40秒，帧数: 36
2026-05-14 10:10:35,961 - INFO - 音频数据大小: 73728 bytes
2026-05-14 10:10:35,961 - INFO - 音频分析 - 最大值: 8448, RMS: 1217.09
2026-05-14 10:10:35,962 - INFO - 音频处理完成，增强后最大值: 12672
2026-05-14 10:10:35,962 - INFO - 开始识别...
2026-05-14 10:10:35,962 - INFO - 正在识别，请稍候...
2026-05-14 10:10:36,457 - INFO - 百度识别成功! 耗时: 0.49秒，识别结果: turn off the light
2026-05-14 10:10:36,457 - WARNING - 无法解析指令: turn off the light
2026-05-14 10:10:41,801 - INFO - 识别到手势: five
2026-05-14 10:10:41,802 - INFO - 设备状态变更: 窗帘 -> 开启
2026-05-14 10:10:41,802 - INFO - 指令执行成功: 窗帘 on
2026-05-14 10:10:45,879 - INFO - 识别到手势: two
2026-05-14 10:10:45,879 - INFO - 设备状态变更: 空调 -> 开启
2026-05-14 10:10:45,879 - INFO - 指令执行成功: 空调 on
2026-05-14 10:10:45,880 - INFO - 语言切换成功: 粤语 (dev_pid: 1637)
2026-05-14 10:10:47,837 - INFO - 开始录音...
2026-05-14 10:10:47,894 - INFO - 录音流已启动，采样率: 16000Hz
2026-05-14 10:10:49,403 - INFO - 停止录音，录音时长: 1.57秒，帧数: 23
2026-05-14 10:10:49,465 - INFO - 音频数据大小: 47104 bytes
2026-05-14 10:10:49,465 - INFO - 音频分析 - 最大值: 14599, RMS: 2202.45
2026-05-14 10:10:49,465 - INFO - 音频处理完成，增强后最大值: 21898
2026-05-14 10:10:49,465 - INFO - 开始识别...
2026-05-14 10:10:49,466 - INFO - 正在识别，请稍候...
2026-05-14 10:10:50,049 - INFO - 百度识别成功! 耗时: 0.58秒，识别结果: 安装，
2026-05-14 10:10:50,049 - WARNING - 无法解析指令: 安装，
2026-05-14 10:10:51,346 - INFO - 开始录音...
2026-05-14 10:10:51,411 - INFO - 录音流已启动，采样率: 16000Hz
2026-05-14 10:10:52,726 - INFO - 停止录音，录音时长: 1.38秒，帧数: 20
2026-05-14 10:10:52,795 - INFO - 音频数据大小: 40960 bytes
2026-05-14 10:10:52,795 - INFO - 音频分析 - 最大值: 16505, RMS: 1754.00
2026-05-14 10:10:52,795 - INFO - 音频处理完成，增强后最大值: 24757
2026-05-14 10:10:52,795 - INFO - 开始识别...
2026-05-14 10:10:52,795 - INFO - 正在识别，请稍候...
2026-05-14 10:10:53,317 - INFO - 百度识别成功! 耗时: 0.52秒，识别结果: 去登，
2026-05-14 10:10:53,317 - WARNING - 无法解析指令: 去登，
2026-05-14 10:10:55,591 - INFO - 开始录音...
2026-05-14 10:10:55,650 - INFO - 录音流已启动，采样率: 16000Hz
2026-05-14 10:10:57,450 - INFO - 停止录音，录音时长: 1.86秒，帧数: 27
2026-05-14 10:10:57,482 - INFO - 音频数据大小: 55296 bytes
2026-05-14 10:10:57,482 - INFO - 音频分析 - 最大值: 11830, RMS: 1281.23
2026-05-14 10:10:57,482 - INFO - 音频处理完成，增强后最大值: 17745
2026-05-14 10:10:57,482 - INFO - 开始识别...
2026-05-14 10:10:57,483 - INFO - 正在识别，请稍候...
2026-05-14 10:10:58,076 - INFO - 百度识别成功! 耗时: 0.59秒，识别结果: 系磷，
2026-05-14 10:10:58,077 - WARNING - 无法解析指令: 系磷，
2026-05-14 10:10:59,281 - INFO - 开始录音...
2026-05-14 10:10:59,341 - INFO - 录音流已启动，采样率: 16000Hz
2026-05-14 10:11:01,020 - INFO - 停止录音，录音时长: 1.74秒，帧数: 26
2026-05-14 10:11:01,102 - INFO - 音频数据大小: 53248 bytes
2026-05-14 10:11:01,103 - INFO - 音频分析 - 最大值: 13398, RMS: 1578.08
2026-05-14 10:11:01,103 - INFO - 音频处理完成，增强后最大值: 20097
2026-05-14 10:11:01,103 - INFO - 开始识别...
2026-05-14 10:11:01,103 - INFO - 正在识别，请稍候...
2026-05-14 10:11:01,514 - INFO - 百度识别成功! 耗时: 0.41秒，识别结果: 裁定，
2026-05-14 10:11:01,514 - WARNING - 无法解析指令: 裁定，
2026-05-14 10:11:04,592 - INFO - 开始录音...
2026-05-14 10:11:04,649 - INFO - 录音流已启动，采样率: 16000Hz
2026-05-14 10:11:06,646 - INFO - 停止录音，录音时长: 2.05秒，帧数: 31
2026-05-14 10:11:06,732 - INFO - 音频数据大小: 63488 bytes
2026-05-14 10:11:06,732 - INFO - 音频分析 - 最大值: 12032, RMS: 1965.32
2026-05-14 10:11:06,732 - INFO - 音频处理完成，增强后最大值: 18048
2026-05-14 10:11:06,732 - INFO - 开始识别...
2026-05-14 10:11:06,732 - INFO - 正在识别，请稍候...
2026-05-14 10:11:07,345 - INFO - 百度识别成功! 耗时: 0.61秒，识别结果: 开风扇，
2026-05-14 10:11:07,346 - INFO - 执行命令: 设备=fan, 动作=on
2026-05-14 10:11:07,346 - INFO - 设备状态变更: 风扇 -> 开启
2026-05-14 10:11:07,346 - INFO - 指令执行成功: 风扇 on
2026-05-14 10:11:11,911 - INFO - 开始录音...
2026-05-14 10:11:11,970 - INFO - 录音流已启动，采样率: 16000Hz
2026-05-14 10:11:13,973 - INFO - 停止录音，录音时长: 2.06秒，帧数: 31
2026-05-14 10:11:14,052 - INFO - 音频数据大小: 63488 bytes
2026-05-14 10:11:14,052 - INFO - 音频分析 - 最大值: 14681, RMS: 1780.81
2026-05-14 10:11:14,052 - INFO - 音频处理完成，增强后最大值: 22021
2026-05-14 10:11:14,052 - INFO - 开始识别...
2026-05-14 10:11:14,054 - INFO - 正在识别，请稍候...
2026-05-14 10:11:14,746 - INFO - 百度识别成功! 耗时: 0.69秒，识别结果: 开电视，
2026-05-14 10:11:14,746 - INFO - 执行命令: 设备=tv, 动作=on
2026-05-14 10:11:14,746 - INFO - 设备状态变更: 电视 -> 开启
2026-05-14 10:11:14,746 - INFO - 指令执行成功: 电视 on
2026-05-14 10:11:17,199 - INFO - 开始录音...
2026-05-14 10:11:17,256 - INFO - 录音流已启动，采样率: 16000Hz
2026-05-14 10:11:19,222 - INFO - 停止录音，录音时长: 2.02秒，帧数: 30
2026-05-14 10:11:19,279 - INFO - 音频数据大小: 61440 bytes
2026-05-14 10:11:19,279 - INFO - 音频分析 - 最大值: 14606, RMS: 1335.17
2026-05-14 10:11:19,279 - INFO - 音频处理完成，增强后最大值: 21909
2026-05-14 10:11:19,279 - INFO - 开始识别...
2026-05-14 10:11:19,279 - INFO - 正在识别，请稍候...
2026-05-14 10:11:19,805 - INFO - 百度识别成功! 耗时: 0.52秒，识别结果: 还得，
2026-05-14 10:11:19,805 - WARNING - 无法解析指令: 还得，
2026-05-14 10:11:21,083 - INFO - 开始录音...
2026-05-14 10:11:21,142 - INFO - 录音流已启动，采样率: 16000Hz
2026-05-14 10:11:22,650 - INFO - 停止录音，录音时长: 1.57秒，帧数: 23
2026-05-14 10:11:22,715 - INFO - 音频数据大小: 47104 bytes
2026-05-14 10:11:22,715 - INFO - 音频分析 - 最大值: 20566, RMS: 2646.43
2026-05-14 10:11:22,715 - INFO - 音频处理完成，增强后最大值: 30849
2026-05-14 10:11:22,715 - INFO - 开始识别...
2026-05-14 10:11:22,716 - INFO - 正在识别，请稍候...
2026-05-14 10:11:23,162 - INFO - 百度识别成功! 耗时: 0.45秒，识别结果: 安东，
2026-05-14 10:11:23,162 - WARNING - 无法解析指令: 安东，
2026-05-14 10:11:24,796 - INFO - 开始录音...
2026-05-14 10:11:24,864 - INFO - 录音流已启动，采样率: 16000Hz
2026-05-14 10:11:27,503 - INFO - 停止录音，录音时长: 2.71秒，帧数: 41
2026-05-14 10:11:27,586 - INFO - 音频数据大小: 83968 bytes
2026-05-14 10:11:27,586 - INFO - 音频分析 - 最大值: 13935, RMS: 1806.43
2026-05-14 10:11:27,587 - INFO - 音频处理完成，增强后最大值: 20902
2026-05-14 10:11:27,587 - INFO - 开始识别...
2026-05-14 10:11:27,587 - INFO - 正在识别，请稍候...
2026-05-14 10:11:28,273 - INFO - 百度识别成功! 耗时: 0.69秒，识别结果: 横电视，
2026-05-14 10:11:28,273 - WARNING - 无法解析指令: 横电视，
2026-05-14 10:11:30,196 - INFO - 开始录音...
2026-05-14 10:11:30,252 - INFO - 录音流已启动，采样率: 16000Hz
2026-05-14 10:11:32,273 - INFO - 停止录音，录音时长: 2.08秒，帧数: 31
2026-05-14 10:11:32,334 - INFO - 音频数据大小: 63488 bytes
2026-05-14 10:11:32,334 - INFO - 音频分析 - 最大值: 11156, RMS: 1540.99
2026-05-14 10:11:32,334 - INFO - 音频处理完成，增强后最大值: 16734
2026-05-14 10:11:32,334 - INFO - 开始识别...
2026-05-14 10:11:32,336 - INFO - 正在识别，请稍候...
2026-05-14 10:11:33,197 - INFO - 百度识别成功! 耗时: 0.86秒，识别结果: rm电视，
2026-05-14 10:11:33,197 - WARNING - 无法解析指令: rm电视，
2026-05-14 10:11:35,694 - INFO - 开始录音...
2026-05-14 10:11:35,758 - INFO - 录音流已启动，采样率: 16000Hz
2026-05-14 10:11:37,583 - INFO - 停止录音，录音时长: 1.89秒，帧数: 28
2026-05-14 10:11:37,648 - INFO - 音频数据大小: 57344 bytes
2026-05-14 10:11:37,648 - INFO - 音频分析 - 最大值: 16402, RMS: 1378.88
2026-05-14 10:11:37,649 - INFO - 音频处理完成，增强后最大值: 24603
2026-05-14 10:11:37,649 - INFO - 开始识别...
2026-05-14 10:11:37,649 - INFO - 正在识别，请稍候...
2026-05-14 10:11:38,244 - INFO - 百度识别成功! 耗时: 0.60秒，识别结果: 关空调，
2026-05-14 10:11:38,244 - INFO - 执行命令: 设备=aircon, 动作=off
2026-05-14 10:11:38,244 - INFO - 设备状态变更: 空调 -> 关闭
2026-05-14 10:11:38,245 - INFO - 指令执行成功: 空调 off
2026-05-14 10:11:45,895 - INFO - 语言切换成功: 四川话 (dev_pid: 1837)
2026-05-14 10:11:46,891 - INFO - 开始录音...
2026-05-14 10:11:46,950 - INFO - 录音流已启动，采样率: 16000Hz
2026-05-14 10:11:48,900 - INFO - 停止录音，录音时长: 2.01秒，帧数: 30
2026-05-14 10:11:48,970 - INFO - 音频数据大小: 61440 bytes
2026-05-14 10:11:48,970 - INFO - 音频分析 - 最大值: 13780, RMS: 1990.75
2026-05-14 10:11:48,972 - INFO - 音频处理完成，增强后最大值: 20670
2026-05-14 10:11:48,972 - INFO - 开始识别...
2026-05-14 10:11:48,972 - INFO - 正在识别，请稍候...
2026-05-14 10:11:49,714 - INFO - 百度识别成功! 耗时: 0.74秒，识别结果: 看电电视，
2026-05-14 10:11:49,714 - WARNING - 无法解析指令: 看电电视，
2026-05-14 10:11:49,759 - INFO - 识别到手势: five
2026-05-14 10:11:49,759 - INFO - 设备状态变更: 窗帘 -> 关闭
2026-05-14 10:11:49,759 - INFO - 指令执行成功: 窗帘 off
2026-05-14 10:11:51,770 - INFO - 识别到手势: five
2026-05-14 10:11:51,770 - INFO - 设备状态变更: 窗帘 -> 开启
2026-05-14 10:11:51,770 - INFO - 指令执行成功: 窗帘 on
2026-05-14 10:11:54,204 - INFO - 开始录音...
2026-05-14 10:11:54,265 - INFO - 录音流已启动，采样率: 16000Hz
2026-05-14 10:11:56,033 - INFO - 停止录音，录音时长: 1.83秒，帧数: 27
2026-05-14 10:11:56,099 - INFO - 音频数据大小: 55296 bytes
2026-05-14 10:11:56,099 - INFO - 音频分析 - 最大值: 12517, RMS: 1561.25
2026-05-14 10:11:56,099 - INFO - 音频处理完成，增强后最大值: 18775
2026-05-14 10:11:56,099 - INFO - 开始识别...
2026-05-14 10:11:56,099 - INFO - 正在识别，请稍候...
2026-05-14 10:11:56,700 - INFO - 百度识别成功! 耗时: 0.60秒，识别结果: 晚安电视，
2026-05-14 10:11:56,700 - WARNING - 无法解析指令: 晚安电视，
2026-05-14 10:11:58,111 - INFO - 开始录音...
2026-05-14 10:11:58,169 - INFO - 录音流已启动，采样率: 16000Hz
2026-05-14 10:11:59,924 - INFO - 停止录音，录音时长: 1.82秒，帧数: 27
2026-05-14 10:12:00,001 - INFO - 音频数据大小: 55296 bytes
2026-05-14 10:12:00,002 - INFO - 音频分析 - 最大值: 10598, RMS: 1393.38
2026-05-14 10:12:00,002 - INFO - 音频处理完成，增强后最大值: 15897
2026-05-14 10:12:00,002 - INFO - 开始识别...
2026-05-14 10:12:00,002 - INFO - 正在识别，请稍候...
2026-05-14 10:12:00,671 - INFO - 百度识别成功! 耗时: 0.67秒，识别结果: 广电视，
2026-05-14 10:12:00,671 - WARNING - 无法解析指令: 广电视，
2026-05-14 10:12:05,691 - INFO - 识别到手势: one
2026-05-14 10:12:05,691 - INFO - 设备状态变更: 灯 -> 关闭
2026-05-14 10:12:05,691 - INFO - 指令执行成功: 灯 off
2026-05-14 10:12:08,587 - INFO - 识别到手势: three
2026-05-14 10:12:08,587 - INFO - 设备状态变更: 风扇 -> 关闭
2026-05-14 10:12:08,587 - INFO - 指令执行成功: 风扇 off
2026-05-14 10:12:08,847 - INFO - 清理语音识别器资源...
2026-05-14 10:12:08,847 - INFO - 语音识别器资源已清理
2026-05-14 10:12:08,853 - INFO - 手势识别服务已停止
2026-05-14 10:12:15,416 - INFO - 麦克风初始化成功
2026-05-14 10:12:15,782 - INFO - 摄像头初始化成功
2026-05-14 10:12:16,732 - INFO - 手势识别服务已启动，冷却时间: 2.0秒
2026-05-14 10:12:20,699 - INFO - 清理语音识别器资源...
2026-05-14 10:12:20,700 - INFO - 语音识别器资源已清理
2026-05-14 10:12:20,723 - INFO - 手势识别服务已停止
2026-05-14 10:16:50,432 - INFO - 麦克风初始化成功
2026-05-14 10:16:50,911 - INFO - 摄像头初始化成功
2026-05-14 10:16:51,592 - INFO - 手势识别服务已启动，冷却时间: 2.0秒
2026-05-14 10:16:54,653 - INFO - 语言切换成功: 英语 (dev_pid: 1737)
2026-05-14 10:16:55,350 - INFO - 开始录音...
2026-05-14 10:16:55,420 - INFO - 录音流已启动，采样率: 16000Hz
2026-05-14 10:16:57,207 - INFO - 停止录音，录音时长: 1.86秒，帧数: 27
2026-05-14 10:16:57,252 - INFO - 音频数据大小: 55296 bytes
2026-05-14 10:16:57,252 - INFO - 音频分析 - 最大值: 7407, RMS: 993.30
2026-05-14 10:16:57,252 - INFO - 音频处理完成，增强后最大值: 11110
2026-05-14 10:16:57,254 - INFO - 开始识别...
2026-05-14 10:16:57,254 - INFO - 正在识别，请稍候...
2026-05-14 10:16:57,308 - INFO - 获取百度API Token成功，有效期: 2592000秒
2026-05-14 10:16:57,818 - INFO - 百度识别成功! 耗时: 0.56秒，识别结果: turn on the light
2026-05-14 10:16:57,818 - INFO - 执行命令: 设备=light, 动作=on
2026-05-14 10:16:57,818 - INFO - 设备状态变更: 灯 -> 开启
2026-05-14 10:16:57,818 - INFO - 指令执行成功: 灯 on
2026-05-14 10:17:04,932 - INFO - 开始录音...
2026-05-14 10:17:04,999 - INFO - 录音流已启动，采样率: 16000Hz
2026-05-14 10:17:08,428 - INFO - 停止录音，录音时长: 3.50秒，帧数: 53
2026-05-14 10:17:08,489 - INFO - 音频数据大小: 108544 bytes
2026-05-14 10:17:08,490 - INFO - 音频分析 - 最大值: 9099, RMS: 1225.28
2026-05-14 10:17:08,490 - INFO - 音频处理完成，增强后最大值: 13648
2026-05-14 10:17:08,490 - INFO - 开始识别...
2026-05-14 10:17:08,491 - INFO - 正在识别，请稍候...
2026-05-14 10:17:09,095 - INFO - 百度识别成功! 耗时: 0.60秒，识别结果: turn on the air conditioner
2026-05-14 10:17:09,097 - WARNING - 无法解析指令: turn on the air conditioner
2026-05-14 10:17:14,706 - INFO - 开始录音...
2026-05-14 10:17:14,768 - INFO - 录音流已启动，采样率: 16000Hz
2026-05-14 10:17:17,089 - INFO - 停止录音，录音时长: 2.38秒，帧数: 36
2026-05-14 10:17:17,168 - INFO - 音频数据大小: 73728 bytes
2026-05-14 10:17:17,168 - INFO - 音频分析 - 最大值: 6055, RMS: 890.74
2026-05-14 10:17:17,169 - INFO - 音频处理完成，增强后最大值: 9082
2026-05-14 10:17:17,169 - INFO - 开始识别...
2026-05-14 10:17:17,170 - INFO - 正在识别，请稍候...
2026-05-14 10:17:17,645 - INFO - 百度识别成功! 耗时: 0.47秒，识别结果: turn on the air
2026-05-14 10:17:17,647 - WARNING - 无法解析指令: turn on the air
2026-05-14 10:17:21,148 - INFO - 开始录音...
2026-05-14 10:17:21,206 - INFO - 录音流已启动，采样率: 16000Hz
2026-05-14 10:17:23,428 - INFO - 停止录音，录音时长: 2.28秒，帧数: 34
2026-05-14 10:17:23,490 - INFO - 音频数据大小: 69632 bytes
2026-05-14 10:17:23,491 - INFO - 音频分析 - 最大值: 7479, RMS: 1226.53
2026-05-14 10:17:23,491 - INFO - 音频处理完成，增强后最大值: 11218
2026-05-14 10:17:23,492 - INFO - 开始识别...
2026-05-14 10:17:23,492 - INFO - 正在识别，请稍候...
2026-05-14 10:17:24,031 - INFO - 百度识别成功! 耗时: 0.54秒，识别结果: turn on the
2026-05-14 10:17:24,032 - WARNING - 无法解析指令: turn on the
2026-05-14 10:17:25,762 - INFO - 开始录音...
2026-05-14 10:17:25,828 - INFO - 录音流已启动，采样率: 16000Hz
2026-05-14 10:17:28,362 - INFO - 停止录音，录音时长: 2.60秒，帧数: 39
2026-05-14 10:17:28,430 - INFO - 音频数据大小: 79872 bytes
2026-05-14 10:17:28,430 - INFO - 音频分析 - 最大值: 6560, RMS: 1052.56
2026-05-14 10:17:28,430 - INFO - 音频处理完成，增强后最大值: 9840
2026-05-14 10:17:28,430 - INFO - 开始识别...
2026-05-14 10:17:28,431 - INFO - 正在识别，请稍候...
2026-05-14 10:17:29,029 - INFO - 百度识别成功! 耗时: 0.60秒，识别结果: turn on the ear called
2026-05-14 10:17:29,030 - WARNING - 无法解析指令: turn on the ear called
2026-05-14 10:17:31,814 - INFO - 开始录音...
2026-05-14 10:17:31,882 - INFO - 录音流已启动，采样率: 16000Hz
2026-05-14 10:17:33,740 - INFO - 停止录音，录音时长: 1.93秒，帧数: 28
2026-05-14 10:17:33,774 - INFO - 音频数据大小: 57344 bytes
2026-05-14 10:17:33,774 - INFO - 音频分析 - 最大值: 7520, RMS: 1327.61
2026-05-14 10:17:33,775 - INFO - 音频处理完成，增强后最大值: 11280
2026-05-14 10:17:33,775 - INFO - 开始识别...
2026-05-14 10:17:33,775 - INFO - 正在识别，请稍候...
2026-05-14 10:17:34,421 - INFO - 百度识别成功! 耗时: 0.64秒，识别结果: down this fan
2026-05-14 10:17:34,421 - WARNING - 无法解析指令: down this fan
2026-05-14 10:17:36,936 - INFO - 开始录音...
2026-05-14 10:17:36,998 - INFO - 录音流已启动，采样率: 16000Hz
2026-05-14 10:17:39,461 - INFO - 停止录音，录音时长: 2.53秒，帧数: 38
2026-05-14 10:17:39,528 - INFO - 音频数据大小: 77824 bytes
2026-05-14 10:17:39,528 - INFO - 音频分析 - 最大值: 8425, RMS: 1317.58
2026-05-14 10:17:39,529 - INFO - 音频处理完成，增强后最大值: 12637
2026-05-14 10:17:39,529 - INFO - 开始识别...
2026-05-14 10:17:39,529 - INFO - 正在识别，请稍候...
2026-05-14 10:17:39,950 - INFO - 百度识别成功! 耗时: 0.42秒，识别结果: turn on the fan
2026-05-14 10:17:39,950 - INFO - 执行命令: 设备=fan, 动作=on
2026-05-14 10:17:39,951 - INFO - 设备状态变更: 风扇 -> 开启
2026-05-14 10:17:39,951 - INFO - 指令执行成功: 风扇 on
2026-05-14 10:17:46,079 - INFO - 语言切换成功: 普通话 (dev_pid: 1537)
2026-05-14 10:17:48,103 - INFO - 开始录音...
2026-05-14 10:17:48,171 - INFO - 录音流已启动，采样率: 16000Hz
2026-05-14 10:17:49,632 - INFO - 停止录音，录音时长: 1.53秒，帧数: 22
2026-05-14 10:17:49,680 - INFO - 音频数据大小: 45056 bytes
2026-05-14 10:17:49,681 - INFO - 音频分析 - 最大值: 8342, RMS: 1536.71
2026-05-14 10:17:49,682 - INFO - 音频处理完成，增强后最大值: 12513
2026-05-14 10:17:49,682 - INFO - 开始识别...
2026-05-14 10:17:49,682 - INFO - 正在识别，请稍候...
2026-05-14 10:17:49,884 - INFO - 百度识别成功! 耗时: 0.20秒，识别结果: 关电视。
2026-05-14 10:17:49,885 - INFO - 执行命令: 设备=tv, 动作=off
2026-05-14 10:17:49,885 - INFO - 指令执行成功: 电视 off
2026-05-14 10:17:53,533 - INFO - 识别到手势: one
2026-05-14 10:17:53,534 - INFO - 设备状态变更: 灯 -> 关闭
2026-05-14 10:17:53,534 - INFO - 指令执行成功: 灯 off
2026-05-14 10:18:11,482 - INFO - 清理语音识别器资源...
2026-05-14 10:18:11,482 - INFO - 语音识别器资源已清理
2026-05-14 10:18:11,492 - INFO - 手势识别服务已停止
2026-05-14 10:23:02,472 - INFO - 麦克风初始化成功
2026-05-14 10:23:02,865 - INFO - 摄像头初始化成功
2026-05-14 10:23:03,584 - INFO - 手势识别服务已启动，冷却时间: 2.0秒
2026-05-14 10:23:31,834 - INFO - 识别到手势: one
2026-05-14 10:23:31,834 - INFO - 设备状态变更: 灯 -> 开启
2026-05-14 10:23:31,836 - INFO - 指令执行成功: 灯 on
2026-05-14 10:23:35,284 - INFO - 开始录音...
2026-05-14 10:23:35,354 - INFO - 录音流已启动，采样率: 16000Hz
2026-05-14 10:23:36,857 - INFO - 停止录音，录音时长: 1.58秒，帧数: 23
2026-05-14 10:23:36,922 - INFO - 音频数据大小: 47104 bytes
2026-05-14 10:23:36,922 - INFO - 音频分析 - 最大值: 23320, RMS: 2457.46
2026-05-14 10:23:36,922 - INFO - 音频处理完成，增强后最大值: 31663
2026-05-14 10:23:36,922 - INFO - 开始识别...
2026-05-14 10:23:36,924 - INFO - 正在识别，请稍候...
2026-05-14 10:23:37,000 - INFO - 获取百度API Token成功，有效期: 2592000秒
2026-05-14 10:23:37,343 - INFO - 百度识别成功! 耗时: 0.42秒，识别结果: 管家管家。
2026-05-14 10:23:37,343 - INFO - 检测到唤醒词: 管家管家
2026-05-14 10:23:37,343 - INFO - 唤醒成功，命令: 。
2026-05-14 10:23:56,372 - INFO - 开始录音...
2026-05-14 10:23:56,437 - INFO - 录音流已启动，采样率: 16000Hz
2026-05-14 10:23:58,541 - INFO - 停止录音，录音时长: 2.17秒，帧数: 32
2026-05-14 10:23:58,589 - INFO - 音频数据大小: 65536 bytes
2026-05-14 10:23:58,589 - INFO - 音频分析 - 最大值: 10680, RMS: 1520.96
2026-05-14 10:23:58,590 - INFO - 音频处理完成，增强后最大值: 16020
2026-05-14 10:23:58,590 - INFO - 开始识别...
2026-05-14 10:23:58,590 - INFO - 正在识别，请稍候...
2026-05-14 10:23:58,827 - INFO - 百度识别成功! 耗时: 0.23秒，识别结果: 天气怎么样？
2026-05-14 10:23:58,864 - ERROR - 天气查询失败: APP不存在，AK有误请检查再重试
2026-05-14 10:23:58,912 - INFO - 获取百度API Token成功，有效期: 2592000秒
2026-05-14 10:23:59,039 - INFO - 语音合成成功: 暂时无法获取天气信息 -> c:\Users\hesha\Desktop\test\test1\temp_audio\tts_640d689c0d8549e792b7f9aa3d2f7f3f.mp3
2026-05-14 10:23:59,039 - INFO - 智能管家响应: ['暂时无法获取天气信息']
2026-05-14 10:24:11,053 - INFO - 清理语音识别器资源...
2026-05-14 10:24:11,053 - INFO - 语音识别器资源已清理
2026-05-14 10:24:11,075 - INFO - 手势识别服务已停止
2026-05-14 10:36:01,610 - INFO - 麦克风初始化成功
2026-05-14 10:36:02,049 - INFO - 摄像头初始化成功
2026-05-14 10:36:02,947 - INFO - 手势识别服务已启动，冷却时间: 2.0秒
2026-05-14 10:36:12,084 - INFO - 识别到手势: one
2026-05-14 10:36:12,084 - INFO - 设备状态变更: 灯 -> 开启
2026-05-14 10:36:12,085 - INFO - 指令执行成功: 灯 on
2026-05-14 10:36:14,383 - INFO - 使用 Porcupine 进行唤醒词检测
2026-05-14 10:36:14,383 - ERROR - Porcupine 初始化失败: create() missing 1 required positional argument: 'access_key'
2026-05-14 10:36:14,383 - WARNING - Porcupine 初始化失败，回退到云端检测
2026-05-14 10:36:14,383 - INFO - 唤醒监听已启动，说出唤醒词即可激活
2026-05-14 10:36:15,878 - INFO - 获取百度API Token成功，有效期: 2592000秒
2026-05-14 10:36:29,036 - INFO - 检测到唤醒词: 管家管家
2026-05-14 10:36:29,036 - INFO - 唤醒词检测成功: 管家管家
2026-05-14 10:36:29,036 - INFO - 开始录音...
2026-05-14 10:36:29,044 - INFO - 录音流已启动，采样率: 16000Hz
2026-05-14 10:36:41,344 - WARNING - 已在录音中
2026-05-14 10:36:41,449 - INFO - 停止录音，录音时长: 12.41秒，帧数: 193
2026-05-14 10:36:41,472 - INFO - 音频数据大小: 395264 bytes
2026-05-14 10:36:41,472 - INFO - 音频分析 - 最大值: 20976, RMS: 796.02
2026-05-14 10:36:41,473 - INFO - 音频处理完成，增强后最大值: 31464
2026-05-14 10:36:41,473 - INFO - 开始识别...
2026-05-14 10:36:41,473 - INFO - 正在识别，请稍候...
2026-05-14 10:36:41,874 - INFO - 百度识别成功! 耗时: 0.40秒，识别结果: 开灯。
2026-05-14 10:36:41,874 - INFO - 执行命令: 设备=light, 动作=on
2026-05-14 10:36:41,874 - INFO - 指令执行成功: 灯 on
2026-05-14 10:36:46,129 - INFO - 检测到唤醒词: 管家管家
2026-05-14 10:36:46,129 - INFO - 唤醒词检测成功: 管家管家
2026-05-14 10:36:46,129 - INFO - 开始录音...
2026-05-14 10:36:46,139 - INFO - 录音流已启动，采样率: 16000Hz
2026-05-14 10:36:54,800 - WARNING - 已在录音中
2026-05-14 10:36:54,882 - INFO - 停止录音，录音时长: 8.75秒，帧数: 136
2026-05-14 10:36:54,911 - INFO - 音频数据大小: 278528 bytes
2026-05-14 10:36:54,913 - INFO - 音频分析 - 最大值: 20892, RMS: 1136.01
2026-05-14 10:36:54,914 - INFO - 音频处理完成，增强后最大值: 31338
2026-05-14 10:36:54,914 - INFO - 开始识别...
2026-05-14 10:36:54,915 - INFO - 正在识别，请稍候...
2026-05-14 10:36:55,360 - INFO - 百度识别成功! 耗时: 0.45秒，识别结果: 啊关灯我不知道。
2026-05-14 10:36:55,361 - INFO - 执行命令: 设备=light, 动作=off
2026-05-14 10:36:55,361 - INFO - 设备状态变更: 灯 -> 关闭
2026-05-14 10:36:55,361 - INFO - 指令执行成功: 灯 off
2026-05-14 10:37:01,522 - INFO - 清理语音识别器资源...
2026-05-14 10:37:01,522 - INFO - 唤醒监听已停止
2026-05-14 10:37:01,596 - INFO - 语音识别器资源已清理
2026-05-14 10:37:01,616 - INFO - 手势识别服务已停止
2026-05-14 10:39:14,887 - INFO - 麦克风初始化成功
2026-05-14 10:39:15,270 - INFO - 摄像头初始化成功
2026-05-14 10:39:16,263 - INFO - 手势识别服务已启动，冷却时间: 2.0秒
2026-05-14 10:39:19,278 - INFO - 使用 Porcupine 进行唤醒词检测
2026-05-14 10:39:19,278 - ERROR - Porcupine 初始化失败: create() missing 1 required positional argument: 'access_key'
2026-05-14 10:39:19,278 - WARNING - Porcupine 初始化失败，回退到云端检测
2026-05-14 10:39:19,278 - INFO - 唤醒监听已启动，说出唤醒词即可激活
2026-05-14 10:39:22,270 - INFO - 获取百度API Token成功，有效期: 2592000秒
2026-05-14 10:39:22,551 - INFO - 检测到唤醒词: 管家管家
2026-05-14 10:39:22,552 - INFO - 唤醒词检测成功: 管家管家
2026-05-14 10:39:22,552 - INFO - 开始录音...
2026-05-14 10:39:22,561 - INFO - 录音流已启动，采样率: 16000Hz
2026-05-14 10:39:22,561 - INFO - 自动停止定时器已启动，3秒后自动停止录音
2026-05-14 10:39:25,561 - INFO - 录音已达3秒，自动停止
2026-05-14 10:39:25,561 - INFO - 停止录音，录音时长: 3.01秒，帧数: 46
2026-05-14 10:39:25,574 - INFO - 音频数据大小: 94208 bytes
2026-05-14 10:39:25,575 - INFO - 音频分析 - 最大值: 13459, RMS: 1166.04
2026-05-14 10:39:25,575 - INFO - 音频处理完成，增强后最大值: 20188
2026-05-14 10:39:25,575 - INFO - 开始识别...
2026-05-14 10:39:25,576 - INFO - 正在识别，请稍候...
2026-05-14 10:39:25,821 - INFO - 百度识别成功! 耗时: 0.25秒，识别结果: 开灯。
2026-05-14 10:39:25,822 - INFO - 执行命令: 设备=light, 动作=on
2026-05-14 10:39:25,822 - INFO - 设备状态变更: 灯 -> 开启
2026-05-14 10:39:25,822 - INFO - 指令执行成功: 灯 on
2026-05-14 10:39:34,131 - INFO - 检测到唤醒词: 管家管家
2026-05-14 10:39:34,131 - INFO - 唤醒词检测成功: 管家管家
2026-05-14 10:39:34,131 - INFO - 开始录音...
2026-05-14 10:39:34,139 - INFO - 录音流已启动，采样率: 16000Hz
2026-05-14 10:39:34,139 - INFO - 自动停止定时器已启动，3秒后自动停止录音
2026-05-14 10:39:37,141 - INFO - 录音已达3秒，自动停止
2026-05-14 10:39:37,141 - INFO - 停止录音，录音时长: 3.01秒，帧数: 46
2026-05-14 10:39:37,156 - INFO - 音频数据大小: 94208 bytes
2026-05-14 10:39:37,156 - INFO - 音频分析 - 最大值: 9457, RMS: 1377.82
2026-05-14 10:39:37,156 - INFO - 音频处理完成，增强后最大值: 14185
2026-05-14 10:39:37,156 - INFO - 开始识别...
2026-05-14 10:39:37,157 - INFO - 正在识别，请稍候...
2026-05-14 10:39:37,504 - INFO - 百度识别成功! 耗时: 0.35秒，识别结果: 开窗帘。
2026-05-14 10:39:37,505 - INFO - 执行命令: 设备=curtain, 动作=on
2026-05-14 10:39:37,505 - INFO - 设备状态变更: 窗帘 -> 开启
2026-05-14 10:39:37,505 - INFO - 指令执行成功: 窗帘 on
2026-05-14 10:40:03,997 - INFO - 检测到唤醒词: 管家管家
2026-05-14 10:40:03,997 - INFO - 唤醒词检测成功: 管家管家
2026-05-14 10:40:03,998 - INFO - 开始录音...
2026-05-14 10:40:04,007 - INFO - 录音流已启动，采样率: 16000Hz
2026-05-14 10:40:04,007 - INFO - 自动停止定时器已启动，3秒后自动停止录音
2026-05-14 10:40:07,008 - INFO - 录音已达3秒，自动停止
2026-05-14 10:40:07,008 - INFO - 停止录音，录音时长: 3.01秒，帧数: 46
2026-05-14 10:40:07,025 - INFO - 音频数据大小: 94208 bytes
2026-05-14 10:40:07,025 - INFO - 音频分析 - 最大值: 20965, RMS: 1528.07
2026-05-14 10:40:07,025 - INFO - 音频处理完成，增强后最大值: 31447
2026-05-14 10:40:07,026 - INFO - 开始识别...
2026-05-14 10:40:07,026 - INFO - 正在识别，请稍候...
2026-05-14 10:40:07,420 - INFO - 百度识别成功! 耗时: 0.39秒，识别结果: 开风扇。
2026-05-14 10:40:07,421 - INFO - 执行命令: 设备=fan, 动作=on
2026-05-14 10:40:07,422 - INFO - 设备状态变更: 风扇 -> 开启
2026-05-14 10:40:07,422 - INFO - 指令执行成功: 风扇 on
2026-05-14 10:40:10,782 - INFO - 识别到手势: five
2026-05-14 10:40:10,782 - INFO - 设备状态变更: 窗帘 -> 关闭
2026-05-14 10:40:10,782 - INFO - 指令执行成功: 窗帘 off
2026-05-14 10:40:18,495 - INFO - 清理语音识别器资源...
2026-05-14 10:40:18,495 - INFO - 唤醒监听已停止
2026-05-14 10:40:18,521 - INFO - 语音识别器资源已清理
2026-05-14 10:40:18,544 - INFO - 手势识别服务已停止
